<?xml version="1.0" encoding="UTF-8"?>
<testsuite xmlns:xsi="http://www.w3.org/2001/XMLSchema-instance" xsi:noNamespaceSchemaLocation="https://maven.apache.org/surefire/maven-surefire-plugin/xsd/surefire-test-report-3.0.xsd" version="3.0" name="org.e2e.e2e.review.ReviewControllerSecurityTest" time="0.562" tests="4" errors="0" skipped="0" failures="0">
  <properties>
[...]
</properties>
  <testcase name="testAuthorizedAccessToCreateReview" classname="org.e2e.e2e.review.ReviewControllerSecurityTest" time="0.15">
    <system-out><![CDATA[&amp#27;[2m2024-05-07T16:34:34.290-05:00&amp#27;[0;39m &amp#27;[32m INFO&amp#27;[0;39m &amp#27;[35m99936&amp#27;[0;39m &amp#27;[2m---&amp#27;[0;39m &amp#27;[2m[           main]&amp#27;[0;39m &amp#27;[2m&amp#27;[0;39m&amp#27;[36mt.c.s.AnnotationConfigContextLoaderUtils&amp#27;[0;39m &amp#27;[2m:&amp#27;[0;39m Could not detect default configuration classes for test class [org.e2e.e2e.review.ReviewControllerSecurityTest]: ReviewControllerSecurityTest does not declare any static, non-private, non-final, nested classes annotated with @Configuration.
&amp#27;[2m2024-05-07T16:34:34.293-05:00&amp#27;[0;39m &amp#27;[32m INFO&amp#27;[0;39m &amp#27;[35m99936&amp#27;[0;39m &amp#27;[2m---&amp#27;[0;39m &amp#27;[2m[           main]&amp#27;[0;39m &amp#27;[2m&amp#27;[0;39m&amp#27;[36m.b.t.c.SpringBootTestContextBootstrapper&amp#27;[0;39m &amp#27;[2m:&amp#27;[0;39m Found @SpringBootConfiguration org.e2e.e2e.E2eApplication for test class org.e2e.e2e.review.ReviewControllerSecurityTest
Hibernate: select r1_0.id,r1_0.author_id,r1_0.comment,r1_0.rating,r1_0.ride_id,r1_0.target_id from review r1_0
Hibernate: select r1_0.id,r1_0.arrival_date,r1_0.departure_date,r1_0.destination_coordinates_id,r1_0.destination_name,r1_0.driver_id,r1_0.origin_coordinates_id,r1_0.origin_name,r1_0.passenger_id,r1_0.price,r1_0.status from ride r1_0
Hibernate: select c1_0.id,c1_0.latitude,c1_0.longitude from coordinate c1_0 where c1_0.id=?
Hibernate: select c1_0.id,c1_0.latitude,c1_0.longitude from coordinate c1_0 where c1_0.id=?
Hibernate: select p1_0.id,p1_1.avg_rating,p1_1.created_at,p1_1.email,p1_1.first_name,p1_1.last_name,p1_1.password,p1_1.phone_number,p1_1.role,p1_1.trips,p1_1.updated_at from passenger p1_0 join users p1_1 on p1_0.id=p1_1.id where p1_0.id=?
Hibernate: select p1_0.coordinate_id,p1_0.passenger_id,p1_0.description from user_location p1_0 where p1_0.coordinate_id=?
Hibernate: select p1_0.coordinate_id,p1_0.passenger_id,p1_0.description from user_location p1_0 where p1_0.coordinate_id=?
Hibernate: delete from ride where id=?
Hibernate: delete from coordinate where id=?
Hibernate: delete from coordinate where id=?
Hibernate: select d1_0.id,d1_1.avg_rating,d1_1.created_at,d1_1.email,d1_1.first_name,d1_1.last_name,d1_1.password,d1_1.phone_number,d1_1.role,d1_1.trips,d1_1.updated_at,d1_0.category,d1_0.hex_adress,d1_0.vehicle_id from driver d1_0 join users d1_1 on d1_0.id=d1_1.id
Hibernate: select v1_0.id,v1_0.brand,v1_0.capacity,v1_0.fabrication_year,v1_0.license_plate,v1_0.model from vehicle v1_0 where v1_0.id=?
Hibernate: delete from driver where id=?
Hibernate: delete from users where id=?
Hibernate: delete from vehicle where id=?
Hibernate: select p1_0.id,p1_1.avg_rating,p1_1.created_at,p1_1.email,p1_1.first_name,p1_1.last_name,p1_1.password,p1_1.phone_number,p1_1.role,p1_1.trips,p1_1.updated_at from passenger p1_0 join users p1_1 on p1_0.id=p1_1.id
Hibernate: select c1_0.passenger_id,c1_0.coordinate_id,c1_0.description from user_location c1_0 where c1_0.passenger_id=?
Hibernate: delete from passenger where id=?
Hibernate: delete from users where id=?
Hibernate: select u1_0.id,case when u1_1.id is not null then 1 when u1_2.id is not null then 2 when u1_0.id is not null then 0 end,u1_0.avg_rating,u1_0.created_at,u1_0.email,u1_0.first_name,u1_0.last_name,u1_0.password,u1_0.phone_number,u1_0.role,u1_0.trips,u1_0.updated_at,u1_1.category,u1_1.hex_adress,u1_1.id,u1_1.vehicle_id,u1_2.id from users u1_0 left join driver u1_1 on u1_0.id=u1_1.id left join passenger u1_2 on u1_0.id=u1_2.id where u1_0.email=?
Hibernate: insert into users (avg_rating,created_at,email,first_name,last_name,password,phone_number,role,trips,updated_at,id) values (?,?,?,?,?,?,?,?,?,?,?)
Hibernate: insert into passenger (id) values (?)
Hibernate: select u1_0.id,case when u1_1.id is not null then 1 when u1_2.id is not null then 2 when u1_0.id is not null then 0 end,u1_0.avg_rating,u1_0.created_at,u1_0.email,u1_0.first_name,u1_0.last_name,u1_0.password,u1_0.phone_number,u1_0.role,u1_0.trips,u1_0.updated_at,u1_1.category,u1_1.hex_adress,u1_1.id,u1_1.vehicle_id,u1_2.id from users u1_0 left join driver u1_1 on u1_0.id=u1_1.id left join passenger u1_2 on u1_0.id=u1_2.id where u1_0.email=?
Hibernate: insert into vehicle (brand,capacity,fabrication_year,license_plate,model,id) values (?,?,?,?,?,default)
Hibernate: insert into users (avg_rating,created_at,email,first_name,last_name,password,phone_number,role,trips,updated_at,id) values (?,?,?,?,?,?,?,?,?,?,?)
Hibernate: insert into driver (category,hex_adress,vehicle_id,id) values (?,?,?,?)
Hibernate: select p1_0.id,p1_1.avg_rating,p1_1.created_at,p1_1.email,p1_1.first_name,p1_1.last_name,p1_1.password,p1_1.phone_number,p1_1.role,p1_1.trips,p1_1.updated_at from passenger p1_0 join users p1_1 on p1_0.id=p1_1.id where p1_1.email=?
Hibernate: insert into coordinate (latitude,longitude,id) values (?,?,default)
Hibernate: insert into coordinate (latitude,longitude,id) values (?,?,default)
Hibernate: insert into ride (arrival_date,departure_date,destination_coordinates_id,destination_name,driver_id,origin_coordinates_id,origin_name,passenger_id,price,status,id) values (?,?,?,?,?,?,?,?,?,?,default)
Hibernate: select u1_0.id,case when u1_1.id is not null then 1 when u1_2.id is not null then 2 when u1_0.id is not null then 0 end,u1_0.avg_rating,u1_0.created_at,u1_0.email,u1_0.first_name,u1_0.last_name,u1_0.password,u1_0.phone_number,u1_0.role,u1_0.trips,u1_0.updated_at,u1_1.category,u1_1.hex_adress,u1_1.id,u1_1.vehicle_id,u1_2.id from users u1_0 left join driver u1_1 on u1_0.id=u1_1.id left join passenger u1_2 on u1_0.id=u1_2.id where u1_0.email=?
Hibernate: select r1_0.id,r1_0.arrival_date,r1_0.departure_date,r1_0.destination_coordinates_id,r1_0.destination_name,r1_0.driver_id,r1_0.origin_coordinates_id,r1_0.origin_name,r1_0.passenger_id,r1_0.price,r1_0.status from ride r1_0
Hibernate: select c1_0.id,c1_0.latitude,c1_0.longitude from coordinate c1_0 where c1_0.id=?
Hibernate: select c1_0.id,c1_0.latitude,c1_0.longitude from coordinate c1_0 where c1_0.id=?
Hibernate: select p1_0.id,p1_1.avg_rating,p1_1.created_at,p1_1.email,p1_1.first_name,p1_1.last_name,p1_1.password,p1_1.phone_number,p1_1.role,p1_1.trips,p1_1.updated_at from passenger p1_0 join users p1_1 on p1_0.id=p1_1.id where p1_0.id=?
Hibernate: select p1_0.id,p1_1.avg_rating,p1_1.created_at,p1_1.email,p1_1.first_name,p1_1.last_name,p1_1.password,p1_1.phone_number,p1_1.role,p1_1.trips,p1_1.updated_at from passenger p1_0 join users p1_1 on p1_0.id=p1_1.id
Hibernate: select u1_0.id,case when u1_1.id is not null then 1 when u1_2.id is not null then 2 when u1_0.id is not null then 0 end,u1_0.avg_rating,u1_0.created_at,u1_0.email,u1_0.first_name,u1_0.last_name,u1_0.password,u1_0.phone_number,u1_0.role,u1_0.trips,u1_0.updated_at,u1_1.category,u1_1.hex_adress,u1_1.id,u1_1.vehicle_id,u1_2.id from users u1_0 left join driver u1_1 on u1_0.id=u1_1.id left join passenger u1_2 on u1_0.id=u1_2.id where u1_0.email=?
Hibernate: select r1_0.id,r1_0.arrival_date,r1_0.departure_date,dc1_0.id,dc1_0.latitude,dc1_0.longitude,r1_0.destination_name,d1_0.id,d1_1.avg_rating,d1_1.created_at,d1_1.email,d1_1.first_name,d1_1.last_name,d1_1.password,d1_1.phone_number,d1_1.role,d1_1.trips,d1_1.updated_at,d1_0.category,d1_0.hex_adress,d1_0.vehicle_id,v1_0.id,v1_0.brand,v1_0.capacity,v1_0.fabrication_year,v1_0.license_plate,v1_0.model,oc1_0.id,oc1_0.latitude,oc1_0.longitude,r1_0.origin_name,p1_0.id,p1_1.avg_rating,p1_1.created_at,p1_1.email,p1_1.first_name,p1_1.last_name,p1_1.password,p1_1.phone_number,p1_1.role,p1_1.trips,p1_1.updated_at,r1_0.price,r1_0.status from ride r1_0 left join coordinate dc1_0 on dc1_0.id=r1_0.destination_coordinates_id left join (driver d1_0 join users d1_1 on d1_0.id=d1_1.id) on d1_0.id=r1_0.driver_id left join vehicle v1_0 on v1_0.id=d1_0.vehicle_id left join coordinate oc1_0 on oc1_0.id=r1_0.origin_coordinates_id left join (passenger p1_0 join users p1_1 on p1_0.id=p1_1.id) on p1_0.id=r1_0.passenger_id where r1_0.id=?
Hibernate: insert into review (author_id,comment,rating,ride_id,target_id,id) values (?,?,?,?,?,default)
]]></system-out>
  </testcase>
  <testcase name="testUnauthorizedAccessToCreateReview" classname="org.e2e.e2e.review.ReviewControllerSecurityTest" time="0.137">
    <system-out><![CDATA[Hibernate: select r1_0.id,r1_0.author_id,r1_0.comment,r1_0.rating,r1_0.ride_id,r1_0.target_id from review r1_0
Hibernate: select r1_0.id,r1_0.arrival_date,r1_0.departure_date,dc1_0.id,dc1_0.latitude,dc1_0.longitude,r1_0.destination_name,d1_0.id,d1_1.avg_rating,d1_1.created_at,d1_1.email,d1_1.first_name,d1_1.last_name,d1_1.password,d1_1.phone_number,d1_1.role,d1_1.trips,d1_1.updated_at,d1_0.category,d1_0.hex_adress,d1_0.vehicle_id,v1_0.id,v1_0.brand,v1_0.capacity,v1_0.fabrication_year,v1_0.license_plate,v1_0.model,oc1_0.id,oc1_0.latitude,oc1_0.longitude,r1_0.origin_name,p1_0.id,p1_1.avg_rating,p1_1.created_at,p1_1.email,p1_1.first_name,p1_1.last_name,p1_1.password,p1_1.phone_number,p1_1.role,p1_1.trips,p1_1.updated_at,r1_0.price,r1_0.status from ride r1_0 left join coordinate dc1_0 on dc1_0.id=r1_0.destination_coordinates_id left join (driver d1_0 join users d1_1 on d1_0.id=d1_1.id) on d1_0.id=r1_0.driver_id left join vehicle v1_0 on v1_0.id=d1_0.vehicle_id left join coordinate oc1_0 on oc1_0.id=r1_0.origin_coordinates_id left join (passenger p1_0 join users p1_1 on p1_0.id=p1_1.id) on p1_0.id=r1_0.passenger_id where r1_0.id=?
Hibernate: delete from review where id=?
Hibernate: select r1_0.id,r1_0.arrival_date,r1_0.departure_date,r1_0.destination_coordinates_id,r1_0.destination_name,r1_0.driver_id,r1_0.origin_coordinates_id,r1_0.origin_name,r1_0.passenger_id,r1_0.price,r1_0.status from ride r1_0
Hibernate: select c1_0.id,c1_0.latitude,c1_0.longitude from coordinate c1_0 where c1_0.id=?
Hibernate: select c1_0.id,c1_0.latitude,c1_0.longitude from coordinate c1_0 where c1_0.id=?
Hibernate: select p1_0.id,p1_1.avg_rating,p1_1.created_at,p1_1.email,p1_1.first_name,p1_1.last_name,p1_1.password,p1_1.phone_number,p1_1.role,p1_1.trips,p1_1.updated_at from passenger p1_0 join users p1_1 on p1_0.id=p1_1.id where p1_0.id=?
Hibernate: select p1_0.coordinate_id,p1_0.passenger_id,p1_0.description from user_location p1_0 where p1_0.coordinate_id=?
Hibernate: select p1_0.coordinate_id,p1_0.passenger_id,p1_0.description from user_location p1_0 where p1_0.coordinate_id=?
Hibernate: delete from ride where id=?
Hibernate: delete from coordinate where id=?
Hibernate: delete from coordinate where id=?
Hibernate: select d1_0.id,d1_1.avg_rating,d1_1.created_at,d1_1.email,d1_1.first_name,d1_1.last_name,d1_1.password,d1_1.phone_number,d1_1.role,d1_1.trips,d1_1.updated_at,d1_0.category,d1_0.hex_adress,d1_0.vehicle_id from driver d1_0 join users d1_1 on d1_0.id=d1_1.id
Hibernate: select v1_0.id,v1_0.brand,v1_0.capacity,v1_0.fabrication_year,v1_0.license_plate,v1_0.model from vehicle v1_0 where v1_0.id=?
Hibernate: delete from driver where id=?
Hibernate: delete from users where id=?
Hibernate: delete from vehicle where id=?
Hibernate: select p1_0.id,p1_1.avg_rating,p1_1.created_at,p1_1.email,p1_1.first_name,p1_1.last_name,p1_1.password,p1_1.phone_number,p1_1.role,p1_1.trips,p1_1.updated_at from passenger p1_0 join users p1_1 on p1_0.id=p1_1.id
Hibernate: select c1_0.passenger_id,c1_0.coordinate_id,c1_0.description from user_location c1_0 where c1_0.passenger_id=?
Hibernate: delete from passenger where id=?
Hibernate: delete from users where id=?
Hibernate: select u1_0.id,case when u1_1.id is not null then 1 when u1_2.id is not null then 2 when u1_0.id is not null then 0 end,u1_0.avg_rating,u1_0.created_at,u1_0.email,u1_0.first_name,u1_0.last_name,u1_0.password,u1_0.phone_number,u1_0.role,u1_0.trips,u1_0.updated_at,u1_1.category,u1_1.hex_adress,u1_1.id,u1_1.vehicle_id,u1_2.id from users u1_0 left join driver u1_1 on u1_0.id=u1_1.id left join passenger u1_2 on u1_0.id=u1_2.id where u1_0.email=?
Hibernate: insert into users (avg_rating,created_at,email,first_name,last_name,password,phone_number,role,trips,updated_at,id) values (?,?,?,?,?,?,?,?,?,?,?)
Hibernate: insert into passenger (id) values (?)
Hibernate: select u1_0.id,case when u1_1.id is not null then 1 when u1_2.id is not null then 2 when u1_0.id is not null then 0 end,u1_0.avg_rating,u1_0.created_at,u1_0.email,u1_0.first_name,u1_0.last_name,u1_0.password,u1_0.phone_number,u1_0.role,u1_0.trips,u1_0.updated_at,u1_1.category,u1_1.hex_adress,u1_1.id,u1_1.vehicle_id,u1_2.id from users u1_0 left join driver u1_1 on u1_0.id=u1_1.id left join passenger u1_2 on u1_0.id=u1_2.id where u1_0.email=?
Hibernate: insert into vehicle (brand,capacity,fabrication_year,license_plate,model,id) values (?,?,?,?,?,default)
Hibernate: insert into users (avg_rating,created_at,email,first_name,last_name,password,phone_number,role,trips,updated_at,id) values (?,?,?,?,?,?,?,?,?,?,?)
Hibernate: insert into driver (category,hex_adress,vehicle_id,id) values (?,?,?,?)
Hibernate: select p1_0.id,p1_1.avg_rating,p1_1.created_at,p1_1.email,p1_1.first_name,p1_1.last_name,p1_1.password,p1_1.phone_number,p1_1.role,p1_1.trips,p1_1.updated_at from passenger p1_0 join users p1_1 on p1_0.id=p1_1.id where p1_1.email=?
Hibernate: insert into coordinate (latitude,longitude,id) values (?,?,default)
Hibernate: insert into coordinate (latitude,longitude,id) values (?,?,default)
Hibernate: insert into ride (arrival_date,departure_date,destination_coordinates_id,destination_name,driver_id,origin_coordinates_id,origin_name,passenger_id,price,status,id) values (?,?,?,?,?,?,?,?,?,?,default)
Hibernate: select r1_0.id,r1_0.arrival_date,r1_0.departure_date,r1_0.destination_coordinates_id,r1_0.destination_name,r1_0.driver_id,r1_0.origin_coordinates_id,r1_0.origin_name,r1_0.passenger_id,r1_0.price,r1_0.status from ride r1_0
Hibernate: select c1_0.id,c1_0.latitude,c1_0.longitude from coordinate c1_0 where c1_0.id=?
Hibernate: select c1_0.id,c1_0.latitude,c1_0.longitude from coordinate c1_0 where c1_0.id=?
Hibernate: select p1_0.id,p1_1.avg_rating,p1_1.created_at,p1_1.email,p1_1.first_name,p1_1.last_name,p1_1.password,p1_1.phone_number,p1_1.role,p1_1.trips,p1_1.updated_at from passenger p1_0 join users p1_1 on p1_0.id=p1_1.id where p1_0.id=?
Hibernate: select d1_0.id,d1_1.avg_rating,d1_1.created_at,d1_1.email,d1_1.first_name,d1_1.last_name,d1_1.password,d1_1.phone_number,d1_1.role,d1_1.trips,d1_1.updated_at,d1_0.category,d1_0.hex_adress,d1_0.vehicle_id from driver d1_0 join users d1_1 on d1_0.id=d1_1.id
Hibernate: select v1_0.id,v1_0.brand,v1_0.capacity,v1_0.fabrication_year,v1_0.license_plate,v1_0.model from vehicle v1_0 where v1_0.id=?
]]></system-out>
  </testcase>
  <testcase name="testAuthorizedAccessToDeleteReview" classname="org.e2e.e2e.review.ReviewControllerSecurityTest" time="0.134">
    <system-out><![CDATA[Hibernate: select r1_0.id,r1_0.author_id,r1_0.comment,r1_0.rating,r1_0.ride_id,r1_0.target_id from review r1_0
Hibernate: select r1_0.id,r1_0.arrival_date,r1_0.departure_date,r1_0.destination_coordinates_id,r1_0.destination_name,r1_0.driver_id,r1_0.origin_coordinates_id,r1_0.origin_name,r1_0.passenger_id,r1_0.price,r1_0.status from ride r1_0
Hibernate: select c1_0.id,c1_0.latitude,c1_0.longitude from coordinate c1_0 where c1_0.id=?
Hibernate: select c1_0.id,c1_0.latitude,c1_0.longitude from coordinate c1_0 where c1_0.id=?
Hibernate: select p1_0.id,p1_1.avg_rating,p1_1.created_at,p1_1.email,p1_1.first_name,p1_1.last_name,p1_1.password,p1_1.phone_number,p1_1.role,p1_1.trips,p1_1.updated_at from passenger p1_0 join users p1_1 on p1_0.id=p1_1.id where p1_0.id=?
Hibernate: select p1_0.coordinate_id,p1_0.passenger_id,p1_0.description from user_location p1_0 where p1_0.coordinate_id=?
Hibernate: select p1_0.coordinate_id,p1_0.passenger_id,p1_0.description from user_location p1_0 where p1_0.coordinate_id=?
Hibernate: delete from ride where id=?
Hibernate: delete from coordinate where id=?
Hibernate: delete from coordinate where id=?
Hibernate: select d1_0.id,d1_1.avg_rating,d1_1.created_at,d1_1.email,d1_1.first_name,d1_1.last_name,d1_1.password,d1_1.phone_number,d1_1.role,d1_1.trips,d1_1.updated_at,d1_0.category,d1_0.hex_adress,d1_0.vehicle_id from driver d1_0 join users d1_1 on d1_0.id=d1_1.id
Hibernate: select v1_0.id,v1_0.brand,v1_0.capacity,v1_0.fabrication_year,v1_0.license_plate,v1_0.model from vehicle v1_0 where v1_0.id=?
Hibernate: delete from driver where id=?
Hibernate: delete from users where id=?
Hibernate: delete from vehicle where id=?
Hibernate: select p1_0.id,p1_1.avg_rating,p1_1.created_at,p1_1.email,p1_1.first_name,p1_1.last_name,p1_1.password,p1_1.phone_number,p1_1.role,p1_1.trips,p1_1.updated_at from passenger p1_0 join users p1_1 on p1_0.id=p1_1.id
Hibernate: select c1_0.passenger_id,c1_0.coordinate_id,c1_0.description from user_location c1_0 where c1_0.passenger_id=?
Hibernate: delete from passenger where id=?
Hibernate: delete from users where id=?
Hibernate: select u1_0.id,case when u1_1.id is not null then 1 when u1_2.id is not null then 2 when u1_0.id is not null then 0 end,u1_0.avg_rating,u1_0.created_at,u1_0.email,u1_0.first_name,u1_0.last_name,u1_0.password,u1_0.phone_number,u1_0.role,u1_0.trips,u1_0.updated_at,u1_1.category,u1_1.hex_adress,u1_1.id,u1_1.vehicle_id,u1_2.id from users u1_0 left join driver u1_1 on u1_0.id=u1_1.id left join passenger u1_2 on u1_0.id=u1_2.id where u1_0.email=?
Hibernate: insert into users (avg_rating,created_at,email,first_name,last_name,password,phone_number,role,trips,updated_at,id) values (?,?,?,?,?,?,?,?,?,?,?)
Hibernate: insert into passenger (id) values (?)
Hibernate: select u1_0.id,case when u1_1.id is not null then 1 when u1_2.id is not null then 2 when u1_0.id is not null then 0 end,u1_0.avg_rating,u1_0.created_at,u1_0.email,u1_0.first_name,u1_0.last_name,u1_0.password,u1_0.phone_number,u1_0.role,u1_0.trips,u1_0.updated_at,u1_1.category,u1_1.hex_adress,u1_1.id,u1_1.vehicle_id,u1_2.id from users u1_0 left join driver u1_1 on u1_0.id=u1_1.id left join passenger u1_2 on u1_0.id=u1_2.id where u1_0.email=?
Hibernate: insert into vehicle (brand,capacity,fabrication_year,license_plate,model,id) values (?,?,?,?,?,default)
Hibernate: insert into users (avg_rating,created_at,email,first_name,last_name,password,phone_number,role,trips,updated_at,id) values (?,?,?,?,?,?,?,?,?,?,?)
Hibernate: insert into driver (category,hex_adress,vehicle_id,id) values (?,?,?,?)
Hibernate: select p1_0.id,p1_1.avg_rating,p1_1.created_at,p1_1.email,p1_1.first_name,p1_1.last_name,p1_1.password,p1_1.phone_number,p1_1.role,p1_1.trips,p1_1.updated_at from passenger p1_0 join users p1_1 on p1_0.id=p1_1.id where p1_1.email=?
Hibernate: insert into coordinate (latitude,longitude,id) values (?,?,default)
Hibernate: insert into coordinate (latitude,longitude,id) values (?,?,default)
Hibernate: insert into ride (arrival_date,departure_date,destination_coordinates_id,destination_name,driver_id,origin_coordinates_id,origin_name,passenger_id,price,status,id) values (?,?,?,?,?,?,?,?,?,?,default)
Hibernate: select u1_0.id,case when u1_1.id is not null then 1 when u1_2.id is not null then 2 when u1_0.id is not null then 0 end,u1_0.avg_rating,u1_0.created_at,u1_0.email,u1_0.first_name,u1_0.last_name,u1_0.password,u1_0.phone_number,u1_0.role,u1_0.trips,u1_0.updated_at,u1_1.category,u1_1.hex_adress,u1_1.id,u1_1.vehicle_id,u1_2.id from users u1_0 left join driver u1_1 on u1_0.id=u1_1.id left join passenger u1_2 on u1_0.id=u1_2.id where u1_0.email=?
Hibernate: select p1_0.id,p1_1.avg_rating,p1_1.created_at,p1_1.email,p1_1.first_name,p1_1.last_name,p1_1.password,p1_1.phone_number,p1_1.role,p1_1.trips,p1_1.updated_at from passenger p1_0 join users p1_1 on p1_0.id=p1_1.id where p1_1.email=?
Hibernate: select d1_0.id,d1_1.avg_rating,d1_1.created_at,d1_1.email,d1_1.first_name,d1_1.last_name,d1_1.password,d1_1.phone_number,d1_1.role,d1_1.trips,d1_1.updated_at,d1_0.category,d1_0.hex_adress,d1_0.vehicle_id from driver d1_0 join users d1_1 on d1_0.id=d1_1.id where d1_1.email=?
Hibernate: select v1_0.id,v1_0.brand,v1_0.capacity,v1_0.fabrication_year,v1_0.license_plate,v1_0.model from vehicle v1_0 where v1_0.id=?
Hibernate: select r1_0.id,r1_0.arrival_date,r1_0.departure_date,r1_0.destination_coordinates_id,r1_0.destination_name,r1_0.driver_id,r1_0.origin_coordinates_id,r1_0.origin_name,r1_0.passenger_id,r1_0.price,r1_0.status from ride r1_0
Hibernate: select c1_0.id,c1_0.latitude,c1_0.longitude from coordinate c1_0 where c1_0.id=?
Hibernate: select c1_0.id,c1_0.latitude,c1_0.longitude from coordinate c1_0 where c1_0.id=?
Hibernate: select p1_0.id,p1_1.avg_rating,p1_1.created_at,p1_1.email,p1_1.first_name,p1_1.last_name,p1_1.password,p1_1.phone_number,p1_1.role,p1_1.trips,p1_1.updated_at from passenger p1_0 join users p1_1 on p1_0.id=p1_1.id where p1_0.id=?
Hibernate: insert into review (author_id,comment,rating,ride_id,target_id,id) values (?,?,?,?,?,default)
Hibernate: select r1_0.id,r1_0.author_id,r1_0.comment,r1_0.rating,r2_0.id,r2_0.arrival_date,r2_0.departure_date,dc1_0.id,dc1_0.latitude,dc1_0.longitude,r2_0.destination_name,d1_0.id,d1_1.avg_rating,d1_1.created_at,d1_1.email,d1_1.first_name,d1_1.last_name,d1_1.password,d1_1.phone_number,d1_1.role,d1_1.trips,d1_1.updated_at,d1_0.category,d1_0.hex_adress,d1_0.vehicle_id,v1_0.id,v1_0.brand,v1_0.capacity,v1_0.fabrication_year,v1_0.license_plate,v1_0.model,oc1_0.id,oc1_0.latitude,oc1_0.longitude,r2_0.origin_name,p1_0.id,p1_1.avg_rating,p1_1.created_at,p1_1.email,p1_1.first_name,p1_1.last_name,p1_1.password,p1_1.phone_number,p1_1.role,p1_1.trips,p1_1.updated_at,r2_0.price,r2_0.status,r1_0.target_id from review r1_0 left join ride r2_0 on r2_0.id=r1_0.ride_id left join coordinate dc1_0 on dc1_0.id=r2_0.destination_coordinates_id left join (driver d1_0 join users d1_1 on d1_0.id=d1_1.id) on d1_0.id=r2_0.driver_id left join vehicle v1_0 on v1_0.id=d1_0.vehicle_id left join coordinate oc1_0 on oc1_0.id=r2_0.origin_coordinates_id left join (passenger p1_0 join users p1_1 on p1_0.id=p1_1.id) on p1_0.id=r2_0.passenger_id where r1_0.id=?
Hibernate: select p1_0.id,p1_1.avg_rating,p1_1.created_at,p1_1.email,p1_1.first_name,p1_1.last_name,p1_1.password,p1_1.phone_number,p1_1.role,p1_1.trips,p1_1.updated_at from passenger p1_0 join users p1_1 on p1_0.id=p1_1.id where p1_1.email=?
Hibernate: delete from review where id=?
]]></system-out>
  </testcase>
  <testcase name="testUnauthorizedAccessToDeleteReview" classname="org.e2e.e2e.review.ReviewControllerSecurityTest" time="0.134">
    <system-out><![CDATA[Hibernate: select r1_0.id,r1_0.author_id,r1_0.comment,r1_0.rating,r1_0.ride_id,r1_0.target_id from review r1_0
Hibernate: select r1_0.id,r1_0.arrival_date,r1_0.departure_date,r1_0.destination_coordinates_id,r1_0.destination_name,r1_0.driver_id,r1_0.origin_coordinates_id,r1_0.origin_name,r1_0.passenger_id,r1_0.price,r1_0.status from ride r1_0
Hibernate: select c1_0.id,c1_0.latitude,c1_0.longitude from coordinate c1_0 where c1_0.id=?
Hibernate: select c1_0.id,c1_0.latitude,c1_0.longitude from coordinate c1_0 where c1_0.id=?
Hibernate: select p1_0.id,p1_1.avg_rating,p1_1.created_at,p1_1.email,p1_1.first_name,p1_1.last_name,p1_1.password,p1_1.phone_number,p1_1.role,p1_1.trips,p1_1.updated_at from passenger p1_0 join users p1_1 on p1_0.id=p1_1.id where p1_0.id=?
Hibernate: select p1_0.coordinate_id,p1_0.passenger_id,p1_0.description from user_location p1_0 where p1_0.coordinate_id=?
Hibernate: select p1_0.coordinate_id,p1_0.passenger_id,p1_0.description from user_location p1_0 where p1_0.coordinate_id=?
Hibernate: delete from ride where id=?
Hibernate: delete from coordinate where id=?
Hibernate: delete from coordinate where id=?
Hibernate: select d1_0.id,d1_1.avg_rating,d1_1.created_at,d1_1.email,d1_1.first_name,d1_1.last_name,d1_1.password,d1_1.phone_number,d1_1.role,d1_1.trips,d1_1.updated_at,d1_0.category,d1_0.hex_adress,d1_0.vehicle_id from driver d1_0 join users d1_1 on d1_0.id=d1_1.id
Hibernate: select v1_0.id,v1_0.brand,v1_0.capacity,v1_0.fabrication_year,v1_0.license_plate,v1_0.model from vehicle v1_0 where v1_0.id=?
Hibernate: delete from driver where id=?
Hibernate: delete from users where id=?
Hibernate: delete from vehicle where id=?
Hibernate: select p1_0.id,p1_1.avg_rating,p1_1.created_at,p1_1.email,p1_1.first_name,p1_1.last_name,p1_1.password,p1_1.phone_number,p1_1.role,p1_1.trips,p1_1.updated_at from passenger p1_0 join users p1_1 on p1_0.id=p1_1.id
Hibernate: select c1_0.passenger_id,c1_0.coordinate_id,c1_0.description from user_location c1_0 where c1_0.passenger_id=?
Hibernate: delete from passenger where id=?
Hibernate: delete from users where id=?
Hibernate: select u1_0.id,case when u1_1.id is not null then 1 when u1_2.id is not null then 2 when u1_0.id is not null then 0 end,u1_0.avg_rating,u1_0.created_at,u1_0.email,u1_0.first_name,u1_0.last_name,u1_0.password,u1_0.phone_number,u1_0.role,u1_0.trips,u1_0.updated_at,u1_1.category,u1_1.hex_adress,u1_1.id,u1_1.vehicle_id,u1_2.id from users u1_0 left join driver u1_1 on u1_0.id=u1_1.id left join passenger u1_2 on u1_0.id=u1_2.id where u1_0.email=?
Hibernate: insert into users (avg_rating,created_at,email,first_name,last_name,password,phone_number,role,trips,updated_at,id) values (?,?,?,?,?,?,?,?,?,?,?)
Hibernate: insert into passenger (id) values (?)
Hibernate: select u1_0.id,case when u1_1.id is not null then 1 when u1_2.id is not null then 2 when u1_0.id is not null then 0 end,u1_0.avg_rating,u1_0.created_at,u1_0.email,u1_0.first_name,u1_0.last_name,u1_0.password,u1_0.phone_number,u1_0.role,u1_0.trips,u1_0.updated_at,u1_1.category,u1_1.hex_adress,u1_1.id,u1_1.vehicle_id,u1_2.id from users u1_0 left join driver u1_1 on u1_0.id=u1_1.id left join passenger u1_2 on u1_0.id=u1_2.id where u1_0.email=?
Hibernate: insert into vehicle (brand,capacity,fabrication_year,license_plate,model,id) values (?,?,?,?,?,default)
Hibernate: insert into users (avg_rating,created_at,email,first_name,last_name,password,phone_number,role,trips,updated_at,id) values (?,?,?,?,?,?,?,?,?,?,?)
Hibernate: insert into driver (category,hex_adress,vehicle_id,id) values (?,?,?,?)
Hibernate: select p1_0.id,p1_1.avg_rating,p1_1.created_at,p1_1.email,p1_1.first_name,p1_1.last_name,p1_1.password,p1_1.phone_number,p1_1.role,p1_1.trips,p1_1.updated_at from passenger p1_0 join users p1_1 on p1_0.id=p1_1.id where p1_1.email=?
Hibernate: insert into coordinate (latitude,longitude,id) values (?,?,default)
Hibernate: insert into coordinate (latitude,longitude,id) values (?,?,default)
Hibernate: insert into ride (arrival_date,departure_date,destination_coordinates_id,destination_name,driver_id,origin_coordinates_id,origin_name,passenger_id,price,status,id) values (?,?,?,?,?,?,?,?,?,?,default)
Hibernate: select p1_0.id,p1_1.avg_rating,p1_1.created_at,p1_1.email,p1_1.first_name,p1_1.last_name,p1_1.password,p1_1.phone_number,p1_1.role,p1_1.trips,p1_1.updated_at from passenger p1_0 join users p1_1 on p1_0.id=p1_1.id where p1_1.email=?
Hibernate: select d1_0.id,d1_1.avg_rating,d1_1.created_at,d1_1.email,d1_1.first_name,d1_1.last_name,d1_1.password,d1_1.phone_number,d1_1.role,d1_1.trips,d1_1.updated_at,d1_0.category,d1_0.hex_adress,d1_0.vehicle_id from driver d1_0 join users d1_1 on d1_0.id=d1_1.id where d1_1.email=?
Hibernate: select v1_0.id,v1_0.brand,v1_0.capacity,v1_0.fabrication_year,v1_0.license_plate,v1_0.model from vehicle v1_0 where v1_0.id=?
Hibernate: select r1_0.id,r1_0.arrival_date,r1_0.departure_date,r1_0.destination_coordinates_id,r1_0.destination_name,r1_0.driver_id,r1_0.origin_coordinates_id,r1_0.origin_name,r1_0.passenger_id,r1_0.price,r1_0.status from ride r1_0
Hibernate: select c1_0.id,c1_0.latitude,c1_0.longitude from coordinate c1_0 where c1_0.id=?
Hibernate: select c1_0.id,c1_0.latitude,c1_0.longitude from coordinate c1_0 where c1_0.id=?
Hibernate: select p1_0.id,p1_1.avg_rating,p1_1.created_at,p1_1.email,p1_1.first_name,p1_1.last_name,p1_1.password,p1_1.phone_number,p1_1.role,p1_1.trips,p1_1.updated_at from passenger p1_0 join users p1_1 on p1_0.id=p1_1.id where p1_0.id=?
Hibernate: insert into review (author_id,comment,rating,ride_id,target_id,id) values (?,?,?,?,?,default)
Hibernate: select r1_0.id,r1_0.author_id,r1_0.comment,r1_0.rating,r2_0.id,r2_0.arrival_date,r2_0.departure_date,dc1_0.id,dc1_0.latitude,dc1_0.longitude,r2_0.destination_name,d1_0.id,d1_1.avg_rating,d1_1.created_at,d1_1.email,d1_1.first_name,d1_1.last_name,d1_1.password,d1_1.phone_number,d1_1.role,d1_1.trips,d1_1.updated_at,d1_0.category,d1_0.hex_adress,d1_0.vehicle_id,v1_0.id,v1_0.brand,v1_0.capacity,v1_0.fabrication_year,v1_0.license_plate,v1_0.model,oc1_0.id,oc1_0.latitude,oc1_0.longitude,r2_0.origin_name,p1_0.id,p1_1.avg_rating,p1_1.created_at,p1_1.email,p1_1.first_name,p1_1.last_name,p1_1.password,p1_1.phone_number,p1_1.role,p1_1.trips,p1_1.updated_at,r2_0.price,r2_0.status,r1_0.target_id from review r1_0 left join ride r2_0 on r2_0.id=r1_0.ride_id left join coordinate dc1_0 on dc1_0.id=r2_0.destination_coordinates_id left join (driver d1_0 join users d1_1 on d1_0.id=d1_1.id) on d1_0.id=r2_0.driver_id left join vehicle v1_0 on v1_0.id=d1_0.vehicle_id left join coordinate oc1_0 on oc1_0.id=r2_0.origin_coordinates_id left join (passenger p1_0 join users p1_1 on p1_0.id=p1_1.id) on p1_0.id=r2_0.passenger_id where r1_0.id=?
Hibernate: select d1_0.id,d1_1.avg_rating,d1_1.created_at,d1_1.email,d1_1.first_name,d1_1.last_name,d1_1.password,d1_1.phone_number,d1_1.role,d1_1.trips,d1_1.updated_at,d1_0.category,d1_0.hex_adress,d1_0.vehicle_id from driver d1_0 join users d1_1 on d1_0.id=d1_1.id where d1_1.email=?
Hibernate: select v1_0.id,v1_0.brand,v1_0.capacity,v1_0.fabrication_year,v1_0.license_plate,v1_0.model from vehicle v1_0 where v1_0.id=?
]]></system-out>
  </testcase>
</testsuite>