<?xml version="1.0" encoding="UTF-8"?>
<testsuite xmlns:xsi="http://www.w3.org/2001/XMLSchema-instance" xsi:noNamespaceSchemaLocation="https://maven.apache.org/surefire/maven-surefire-plugin/xsd/surefire-test-report-3.0.xsd" version="3.0" name="org.e2e.e2e.E2eApplicationTests" time="2.106" tests="1" errors="0" skipped="0" failures="0">
  <properties>
[...]
</properties>
  <testcase name="contextLoads" classname="org.e2e.e2e.E2eApplicationTests" time="0.26">
    <system-out><![CDATA[16:34:29.606 [main] INFO org.springframework.test.context.support.AnnotationConfigContextLoaderUtils -- Could not detect default configuration classes for test class [org.e2e.e2e.E2eApplicationTests]: E2eApplicationTests does not declare any static, non-private, non-final, nested classes annotated with @Configuration.
16:34:29.645 [main] INFO org.springframework.boot.test.context.SpringBootTestContextBootstrapper -- Found @SpringBootConfiguration org.e2e.e2e.E2eApplication for test class org.e2e.e2e.E2eApplicationTests

  .   ____          _            __ _ _
 /\\ / ___'_ __ _ _(_)_ __  __ _ \ \ \ \
( ( )\___ | '_ | '_| | '_ \/ _` | \ \ \ \
 \\/  ___)| |_)| | | | | || (_| |  ) ) ) )
  '  |____| .__|_| |_|_| |_\__, | / / / /
 =========|_|==============|___/=/_/_/_/
&amp#27;[32m :: Spring Boot :: &amp#27;[39m              &amp#27;[2m (v3.2.3)&amp#27;[0;39m

&amp#27;[2m2024-05-07T16:34:29.801-05:00&amp#27;[0;39m &amp#27;[32m INFO&amp#27;[0;39m &amp#27;[35m99936&amp#27;[0;39m &amp#27;[2m---&amp#27;[0;39m &amp#27;[2m[           main]&amp#27;[0;39m &amp#27;[2m&amp#27;[0;39m&amp#27;[36morg.e2e.e2e.E2eApplicationTests         &amp#27;[0;39m &amp#27;[2m:&amp#27;[0;39m Starting E2eApplicationTests using Java 22.0.1 with PID 99936 (started by mateonoel in /Users/mateonoel/Desktop/lab-e2e-20241-04-mateo)
&amp#27;[2m2024-05-07T16:34:29.801-05:00&amp#27;[0;39m &amp#27;[32m INFO&amp#27;[0;39m &amp#27;[35m99936&amp#27;[0;39m &amp#27;[2m---&amp#27;[0;39m &amp#27;[2m[           main]&amp#27;[0;39m &amp#27;[2m&amp#27;[0;39m&amp#27;[36morg.e2e.e2e.E2eApplicationTests         &amp#27;[0;39m &amp#27;[2m:&amp#27;[0;39m The following 1 profile is active: "test"
&amp#27;[2m2024-05-07T16:34:30.035-05:00&amp#27;[0;39m &amp#27;[32m INFO&amp#27;[0;39m &amp#27;[35m99936&amp#27;[0;39m &amp#27;[2m---&amp#27;[0;39m &amp#27;[2m[           main]&amp#27;[0;39m &amp#27;[2m&amp#27;[0;39m&amp#27;[36m.s.d.r.c.RepositoryConfigurationDelegate&amp#27;[0;39m &amp#27;[2m:&amp#27;[0;39m Bootstrapping Spring Data JPA repositories in DEFAULT mode.
&amp#27;[2m2024-05-07T16:34:30.059-05:00&amp#27;[0;39m &amp#27;[32m INFO&amp#27;[0;39m &amp#27;[35m99936&amp#27;[0;39m &amp#27;[2m---&amp#27;[0;39m &amp#27;[2m[           main]&amp#27;[0;39m &amp#27;[2m&amp#27;[0;39m&amp#27;[36m.s.d.r.c.RepositoryConfigurationDelegate&amp#27;[0;39m &amp#27;[2m:&amp#27;[0;39m Finished Spring Data repository scanning in 21 ms. Found 7 JPA repository interfaces.
&amp#27;[2m2024-05-07T16:34:30.243-05:00&amp#27;[0;39m &amp#27;[32m INFO&amp#27;[0;39m &amp#27;[35m99936&amp#27;[0;39m &amp#27;[2m---&amp#27;[0;39m &amp#27;[2m[           main]&amp#27;[0;39m &amp#27;[2m&amp#27;[0;39m&amp#27;[36mo.hibernate.jpa.internal.util.LogHelper &amp#27;[0;39m &amp#27;[2m:&amp#27;[0;39m HHH000204: Processing PersistenceUnitInfo [name: default]
&amp#27;[2m2024-05-07T16:34:30.264-05:00&amp#27;[0;39m &amp#27;[32m INFO&amp#27;[0;39m &amp#27;[35m99936&amp#27;[0;39m &amp#27;[2m---&amp#27;[0;39m &amp#27;[2m[           main]&amp#27;[0;39m &amp#27;[2m&amp#27;[0;39m&amp#27;[36morg.hibernate.Version                   &amp#27;[0;39m &amp#27;[2m:&amp#27;[0;39m HHH000412: Hibernate ORM core version 6.4.4.Final
&amp#27;[2m2024-05-07T16:34:30.276-05:00&amp#27;[0;39m &amp#27;[32m INFO&amp#27;[0;39m &amp#27;[35m99936&amp#27;[0;39m &amp#27;[2m---&amp#27;[0;39m &amp#27;[2m[           main]&amp#27;[0;39m &amp#27;[2m&amp#27;[0;39m&amp#27;[36mo.h.c.internal.RegionFactoryInitiator   &amp#27;[0;39m &amp#27;[2m:&amp#27;[0;39m HHH000026: Second-level cache disabled
&amp#27;[2m2024-05-07T16:34:30.354-05:00&amp#27;[0;39m &amp#27;[32m INFO&amp#27;[0;39m &amp#27;[35m99936&amp#27;[0;39m &amp#27;[2m---&amp#27;[0;39m &amp#27;[2m[           main]&amp#27;[0;39m &amp#27;[2m&amp#27;[0;39m&amp#27;[36mo.s.o.j.p.SpringPersistenceUnitInfo     &amp#27;[0;39m &amp#27;[2m:&amp#27;[0;39m No LoadTimeWeaver setup: ignoring JPA class transformer
&amp#27;[2m2024-05-07T16:34:30.363-05:00&amp#27;[0;39m &amp#27;[32m INFO&amp#27;[0;39m &amp#27;[35m99936&amp#27;[0;39m &amp#27;[2m---&amp#27;[0;39m &amp#27;[2m[           main]&amp#27;[0;39m &amp#27;[2m&amp#27;[0;39m&amp#27;[36mcom.zaxxer.hikari.HikariDataSource      &amp#27;[0;39m &amp#27;[2m:&amp#27;[0;39m HikariPool-1 - Starting...
&amp#27;[2m2024-05-07T16:34:30.431-05:00&amp#27;[0;39m &amp#27;[32m INFO&amp#27;[0;39m &amp#27;[35m99936&amp#27;[0;39m &amp#27;[2m---&amp#27;[0;39m &amp#27;[2m[           main]&amp#27;[0;39m &amp#27;[2m&amp#27;[0;39m&amp#27;[36mcom.zaxxer.hikari.pool.HikariPool       &amp#27;[0;39m &amp#27;[2m:&amp#27;[0;39m HikariPool-1 - Added connection conn0: url=jdbc:h2:mem:fb0eeefe-fa3c-4e63-a0ce-34504b3b555f user=SA
&amp#27;[2m2024-05-07T16:34:30.431-05:00&amp#27;[0;39m &amp#27;[32m INFO&amp#27;[0;39m &amp#27;[35m99936&amp#27;[0;39m &amp#27;[2m---&amp#27;[0;39m &amp#27;[2m[           main]&amp#27;[0;39m &amp#27;[2m&amp#27;[0;39m&amp#27;[36mcom.zaxxer.hikari.HikariDataSource      &amp#27;[0;39m &amp#27;[2m:&amp#27;[0;39m HikariPool-1 - Start completed.
&amp#27;[2m2024-05-07T16:34:30.856-05:00&amp#27;[0;39m &amp#27;[32m INFO&amp#27;[0;39m &amp#27;[35m99936&amp#27;[0;39m &amp#27;[2m---&amp#27;[0;39m &amp#27;[2m[           main]&amp#27;[0;39m &amp#27;[2m&amp#27;[0;39m&amp#27;[36mo.h.e.t.j.p.i.JtaPlatformInitiator      &amp#27;[0;39m &amp#27;[2m:&amp#27;[0;39m HHH000489: No JTA platform available (set 'hibernate.transaction.jta.platform' to enable JTA platform integration)
Hibernate: drop table if exists coordinate cascade 
Hibernate: drop table if exists driver cascade 
Hibernate: drop table if exists passenger cascade 
Hibernate: drop table if exists review cascade 
Hibernate: drop table if exists ride cascade 
Hibernate: drop table if exists user_location cascade 
Hibernate: drop table if exists users cascade 
Hibernate: drop table if exists vehicle cascade 
Hibernate: drop sequence if exists users_seq
Hibernate: create sequence users_seq start with 1 increment by 50
Hibernate: create table coordinate (latitude float(53) not null, longitude float(53) not null, id bigint generated by default as identity, primary key (id))
Hibernate: create table driver (category tinyint not null check (category between 0 and 2), id bigint not null, vehicle_id bigint not null unique, hex_adress varchar(255), primary key (id))
Hibernate: create table passenger (id bigint not null, primary key (id))
Hibernate: create table review (rating integer not null check ((rating<=5) and (rating>=0)), author_id bigint, id bigint generated by default as identity, ride_id bigint unique, target_id bigint, comment varchar(255), primary key (id))
Hibernate: create table ride (price float(53) not null, status tinyint not null check (status between 0 and 4), arrival_date timestamp(6), departure_date timestamp(6), destination_coordinates_id bigint unique, driver_id bigint, id bigint generated by default as identity, origin_coordinates_id bigint unique, passenger_id bigint, destination_name varchar(255) not null, origin_name varchar(255) not null, primary key (id))
Hibernate: create table user_location (coordinate_id bigint not null, passenger_id bigint not null, description varchar(255) not null, primary key (coordinate_id, passenger_id))
Hibernate: create table users (avg_rating float default 0, role tinyint not null check (role between 0 and 2), trips integer default 0, created_at timestamp(6) with time zone not null, id bigint not null, updated_at timestamp(6) with time zone, email varchar(255) not null, first_name varchar(255) not null, last_name varchar(255) not null, password varchar(255) not null, phone_number varchar(255) not null unique, primary key (id))
Hibernate: create table vehicle (capacity integer not null, fabrication_year integer not null, id bigint generated by default as identity, brand varchar(255) not null, license_plate varchar(255) not null unique, model varchar(255) not null, primary key (id))
Hibernate: alter table if exists driver add constraint FKjvtsi9cks0ah62ffq4ilpi8oj foreign key (vehicle_id) references vehicle
Hibernate: alter table if exists driver add constraint FKf3lot723ogx3kvhe7aky9c9g3 foreign key (id) references users
Hibernate: alter table if exists passenger add constraint FKgv9n67e9n8651r07qhf8qv8m3 foreign key (id) references users
Hibernate: alter table if exists review add constraint FK9o91rotu09ywxerf1evksnxhd foreign key (author_id) references users
Hibernate: alter table if exists review add constraint FK7x1lxb54nj03cylb7c1d1yoyt foreign key (ride_id) references ride
Hibernate: alter table if exists review add constraint FKgl80drgmr1ssg0rrt3sn9v1mm foreign key (target_id) references users
Hibernate: alter table if exists ride add constraint FKjul90syqqhks11eup312des4d foreign key (destination_coordinates_id) references coordinate
Hibernate: alter table if exists ride add constraint FKo12dq19jo25foqggvedgvaa0p foreign key (driver_id) references driver
Hibernate: alter table if exists ride add constraint FKo1qb0m0a253ppyrahgg6l03vy foreign key (origin_coordinates_id) references coordinate
Hibernate: alter table if exists ride add constraint FK9ijti1ms6rql4c7i8lny2ube3 foreign key (passenger_id) references passenger
Hibernate: alter table if exists user_location add constraint FK5rwhf2pcwqmlooo0263ilqcyr foreign key (coordinate_id) references coordinate
Hibernate: alter table if exists user_location add constraint FK5i20wmntqc58vadrwb0x0cy6e foreign key (passenger_id) references passenger
&amp#27;[2m2024-05-07T16:34:30.882-05:00&amp#27;[0;39m &amp#27;[32m INFO&amp#27;[0;39m &amp#27;[35m99936&amp#27;[0;39m &amp#27;[2m---&amp#27;[0;39m &amp#27;[2m[           main]&amp#27;[0;39m &amp#27;[2m&amp#27;[0;39m&amp#27;[36mj.LocalContainerEntityManagerFactoryBean&amp#27;[0;39m &amp#27;[2m:&amp#27;[0;39m Initialized JPA EntityManagerFactory for persistence unit 'default'
&amp#27;[2m2024-05-07T16:34:31.148-05:00&amp#27;[0;39m &amp#27;[33m WARN&amp#27;[0;39m &amp#27;[35m99936&amp#27;[0;39m &amp#27;[2m---&amp#27;[0;39m &amp#27;[2m[           main]&amp#27;[0;39m &amp#27;[2m&amp#27;[0;39m&amp#27;[36mJpaBaseConfiguration$JpaWebConfiguration&amp#27;[0;39m &amp#27;[2m:&amp#27;[0;39m spring.jpa.open-in-view is enabled by default. Therefore, database queries may be performed during view rendering. Explicitly configure spring.jpa.open-in-view to disable this warning
&amp#27;[2m2024-05-07T16:34:31.258-05:00&amp#27;[0;39m &amp#27;[32m INFO&amp#27;[0;39m &amp#27;[35m99936&amp#27;[0;39m &amp#27;[2m---&amp#27;[0;39m &amp#27;[2m[           main]&amp#27;[0;39m &amp#27;[2m&amp#27;[0;39m&amp#27;[36mo.s.s.web.DefaultSecurityFilterChain    &amp#27;[0;39m &amp#27;[2m:&amp#27;[0;39m Will secure any request with [org.springframework.security.web.session.DisableEncodeUrlFilter@52539624, org.springframework.security.web.context.request.async.WebAsyncManagerIntegrationFilter@1001b435, org.springframework.security.web.context.SecurityContextHolderFilter@73f6ffb1, org.springframework.security.web.header.HeaderWriterFilter@3a70acd5, org.springframework.web.filter.CorsFilter@1dd4c691, org.springframework.security.web.authentication.logout.LogoutFilter@7a8e35d1, org.e2e.e2e.config.JwtAuthenticationFilter@5b5e45bc, org.springframework.security.web.savedrequest.RequestCacheAwareFilter@41fe0d98, org.springframework.security.web.servletapi.SecurityContextHolderAwareRequestFilter@7b23aea2, org.springframework.security.web.authentication.AnonymousAuthenticationFilter@54972f9a, org.springframework.security.web.session.SessionManagementFilter@34c050a1, org.springframework.security.web.access.ExceptionTranslationFilter@8b93c88, org.springframework.security.web.access.intercept.AuthorizationFilter@5b132063]
&amp#27;[2m2024-05-07T16:34:31.384-05:00&amp#27;[0;39m &amp#27;[32m INFO&amp#27;[0;39m &amp#27;[35m99936&amp#27;[0;39m &amp#27;[2m---&amp#27;[0;39m &amp#27;[2m[           main]&amp#27;[0;39m &amp#27;[2m&amp#27;[0;39m&amp#27;[36morg.e2e.e2e.E2eApplicationTests         &amp#27;[0;39m &amp#27;[2m:&amp#27;[0;39m Started E2eApplicationTests in 1.692 seconds (process running for 2.049)
]]></system-out>
    <system-err><![CDATA[WARNING: A Java agent has been loaded dynamically (/Users/mateonoel/.m2/repository/net/bytebuddy/byte-buddy-agent/1.14.12/byte-buddy-agent-1.14.12.jar)
WARNING: If a serviceability tool is in use, please run with -XX:+EnableDynamicAgentLoading to hide this warning
WARNING: If a serviceability tool is not in use, please run with -Djdk.instrument.traceUsage for more information
WARNING: Dynamic loading of agents will be disallowed by default in a future release
]]></system-err>
  </testcase>
</testsuite>