<?xml version="1.0" encoding="UTF-8"?>
<testsuite xmlns:xsi="http://www.w3.org/2001/XMLSchema-instance" xsi:noNamespaceSchemaLocation="https://maven.apache.org/surefire/maven-surefire-plugin/xsd/surefire-test-report-3.0.xsd" version="3.0" name="org.e2e.e2e.driver.DriverControllerSecurityTest" time="1.485" tests="10" errors="0" skipped="0" failures="0">
  <properties>
[...]
</properties>
  <testcase name="testAuthorizedAccessToUpdateDriverCar" classname="org.e2e.e2e.driver.DriverControllerSecurityTest" time="0.24">
    <system-out><![CDATA[&amp#27;[2m2024-05-07T16:34:31.654-05:00&amp#27;[0;39m &amp#27;[32m INFO&amp#27;[0;39m &amp#27;[35m99936&amp#27;[0;39m &amp#27;[2m---&amp#27;[0;39m &amp#27;[2m[           main]&amp#27;[0;39m &amp#27;[2m&amp#27;[0;39m&amp#27;[36mt.c.s.AnnotationConfigContextLoaderUtils&amp#27;[0;39m &amp#27;[2m:&amp#27;[0;39m Could not detect default configuration classes for test class [org.e2e.e2e.driver.DriverControllerSecurityTest]: DriverControllerSecurityTest does not declare any static, non-private, non-final, nested classes annotated with @Configuration.
&amp#27;[2m2024-05-07T16:34:31.659-05:00&amp#27;[0;39m &amp#27;[32m INFO&amp#27;[0;39m &amp#27;[35m99936&amp#27;[0;39m &amp#27;[2m---&amp#27;[0;39m &amp#27;[2m[           main]&amp#27;[0;39m &amp#27;[2m&amp#27;[0;39m&amp#27;[36m.b.t.c.SpringBootTestContextBootstrapper&amp#27;[0;39m &amp#27;[2m:&amp#27;[0;39m Found @SpringBootConfiguration org.e2e.e2e.E2eApplication for test class org.e2e.e2e.driver.DriverControllerSecurityTest

  .   ____          _            __ _ _
 /\\ / ___'_ __ _ _(_)_ __  __ _ \ \ \ \
( ( )\___ | '_ | '_| | '_ \/ _` | \ \ \ \
 \\/  ___)| |_)| | | | | || (_| |  ) ) ) )
  '  |____| .__|_| |_|_| |_\__, | / / / /
 =========|_|==============|___/=/_/_/_/
&amp#27;[32m :: Spring Boot :: &amp#27;[39m              &amp#27;[2m (v3.2.3)&amp#27;[0;39m

&amp#27;[2m2024-05-07T16:34:31.669-05:00&amp#27;[0;39m &amp#27;[32m INFO&amp#27;[0;39m &amp#27;[35m99936&amp#27;[0;39m &amp#27;[2m---&amp#27;[0;39m &amp#27;[2m[           main]&amp#27;[0;39m &amp#27;[2m&amp#27;[0;39m&amp#27;[36mo.e.e.d.DriverControllerSecurityTest    &amp#27;[0;39m &amp#27;[2m:&amp#27;[0;39m Starting DriverControllerSecurityTest using Java 22.0.1 with PID 99936 (started by mateonoel in /Users/mateonoel/Desktop/lab-e2e-20241-04-mateo)
&amp#27;[2m2024-05-07T16:34:31.669-05:00&amp#27;[0;39m &amp#27;[32m INFO&amp#27;[0;39m &amp#27;[35m99936&amp#27;[0;39m &amp#27;[2m---&amp#27;[0;39m &amp#27;[2m[           main]&amp#27;[0;39m &amp#27;[2m&amp#27;[0;39m&amp#27;[36mo.e.e.d.DriverControllerSecurityTest    &amp#27;[0;39m &amp#27;[2m:&amp#27;[0;39m The following 1 profile is active: "test"
&amp#27;[2m2024-05-07T16:34:31.734-05:00&amp#27;[0;39m &amp#27;[32m INFO&amp#27;[0;39m &amp#27;[35m99936&amp#27;[0;39m &amp#27;[2m---&amp#27;[0;39m &amp#27;[2m[           main]&amp#27;[0;39m &amp#27;[2m&amp#27;[0;39m&amp#27;[36m.s.d.r.c.RepositoryConfigurationDelegate&amp#27;[0;39m &amp#27;[2m:&amp#27;[0;39m Bootstrapping Spring Data JPA repositories in DEFAULT mode.
&amp#27;[2m2024-05-07T16:34:31.740-05:00&amp#27;[0;39m &amp#27;[32m INFO&amp#27;[0;39m &amp#27;[35m99936&amp#27;[0;39m &amp#27;[2m---&amp#27;[0;39m &amp#27;[2m[           main]&amp#27;[0;39m &amp#27;[2m&amp#27;[0;39m&amp#27;[36m.s.d.r.c.RepositoryConfigurationDelegate&amp#27;[0;39m &amp#27;[2m:&amp#27;[0;39m Finished Spring Data repository scanning in 6 ms. Found 7 JPA repository interfaces.
&amp#27;[2m2024-05-07T16:34:31.776-05:00&amp#27;[0;39m &amp#27;[32m INFO&amp#27;[0;39m &amp#27;[35m99936&amp#27;[0;39m &amp#27;[2m---&amp#27;[0;39m &amp#27;[2m[           main]&amp#27;[0;39m &amp#27;[2m&amp#27;[0;39m&amp#27;[36mo.hibernate.jpa.internal.util.LogHelper &amp#27;[0;39m &amp#27;[2m:&amp#27;[0;39m HHH000204: Processing PersistenceUnitInfo [name: default]
&amp#27;[2m2024-05-07T16:34:31.777-05:00&amp#27;[0;39m &amp#27;[32m INFO&amp#27;[0;39m &amp#27;[35m99936&amp#27;[0;39m &amp#27;[2m---&amp#27;[0;39m &amp#27;[2m[           main]&amp#27;[0;39m &amp#27;[2m&amp#27;[0;39m&amp#27;[36mo.h.c.internal.RegionFactoryInitiator   &amp#27;[0;39m &amp#27;[2m:&amp#27;[0;39m HHH000026: Second-level cache disabled
&amp#27;[2m2024-05-07T16:34:31.779-05:00&amp#27;[0;39m &amp#27;[32m INFO&amp#27;[0;39m &amp#27;[35m99936&amp#27;[0;39m &amp#27;[2m---&amp#27;[0;39m &amp#27;[2m[           main]&amp#27;[0;39m &amp#27;[2m&amp#27;[0;39m&amp#27;[36mo.s.o.j.p.SpringPersistenceUnitInfo     &amp#27;[0;39m &amp#27;[2m:&amp#27;[0;39m No LoadTimeWeaver setup: ignoring JPA class transformer
&amp#27;[2m2024-05-07T16:34:31.780-05:00&amp#27;[0;39m &amp#27;[32m INFO&amp#27;[0;39m &amp#27;[35m99936&amp#27;[0;39m &amp#27;[2m---&amp#27;[0;39m &amp#27;[2m[           main]&amp#27;[0;39m &amp#27;[2m&amp#27;[0;39m&amp#27;[36mcom.zaxxer.hikari.HikariDataSource      &amp#27;[0;39m &amp#27;[2m:&amp#27;[0;39m HikariPool-2 - Starting...
&amp#27;[2m2024-05-07T16:34:31.781-05:00&amp#27;[0;39m &amp#27;[32m INFO&amp#27;[0;39m &amp#27;[35m99936&amp#27;[0;39m &amp#27;[2m---&amp#27;[0;39m &amp#27;[2m[           main]&amp#27;[0;39m &amp#27;[2m&amp#27;[0;39m&amp#27;[36mcom.zaxxer.hikari.pool.HikariPool       &amp#27;[0;39m &amp#27;[2m:&amp#27;[0;39m HikariPool-2 - Added connection conn10: url=jdbc:h2:mem:1fb81b4b-d862-49f0-b06a-8cc596c8f3f5 user=SA
&amp#27;[2m2024-05-07T16:34:31.781-05:00&amp#27;[0;39m &amp#27;[32m INFO&amp#27;[0;39m &amp#27;[35m99936&amp#27;[0;39m &amp#27;[2m---&amp#27;[0;39m &amp#27;[2m[           main]&amp#27;[0;39m &amp#27;[2m&amp#27;[0;39m&amp#27;[36mcom.zaxxer.hikari.HikariDataSource      &amp#27;[0;39m &amp#27;[2m:&amp#27;[0;39m HikariPool-2 - Start completed.
&amp#27;[2m2024-05-07T16:34:31.840-05:00&amp#27;[0;39m &amp#27;[32m INFO&amp#27;[0;39m &amp#27;[35m99936&amp#27;[0;39m &amp#27;[2m---&amp#27;[0;39m &amp#27;[2m[           main]&amp#27;[0;39m &amp#27;[2m&amp#27;[0;39m&amp#27;[36mo.h.e.t.j.p.i.JtaPlatformInitiator      &amp#27;[0;39m &amp#27;[2m:&amp#27;[0;39m HHH000489: No JTA platform available (set 'hibernate.transaction.jta.platform' to enable JTA platform integration)
Hibernate: drop table if exists coordinate cascade 
Hibernate: drop table if exists driver cascade 
Hibernate: drop table if exists passenger cascade 
Hibernate: drop table if exists review cascade 
Hibernate: drop table if exists ride cascade 
Hibernate: drop table if exists user_location cascade 
Hibernate: drop table if exists users cascade 
Hibernate: drop table if exists vehicle cascade 
Hibernate: drop sequence if exists users_seq
Hibernate: create sequence users_seq start with 1 increment by 50
Hibernate: create table coordinate (latitude float(53) not null, longitude float(53) not null, id bigint generated by default as identity, primary key (id))
Hibernate: create table driver (category tinyint not null check (category between 0 and 2), id bigint not null, vehicle_id bigint not null unique, hex_adress varchar(255), primary key (id))
Hibernate: create table passenger (id bigint not null, primary key (id))
Hibernate: create table review (rating integer not null check ((rating<=5) and (rating>=0)), author_id bigint, id bigint generated by default as identity, ride_id bigint unique, target_id bigint, comment varchar(255), primary key (id))
Hibernate: create table ride (price float(53) not null, status tinyint not null check (status between 0 and 4), arrival_date timestamp(6), departure_date timestamp(6), destination_coordinates_id bigint unique, driver_id bigint, id bigint generated by default as identity, origin_coordinates_id bigint unique, passenger_id bigint, destination_name varchar(255) not null, origin_name varchar(255) not null, primary key (id))
Hibernate: create table user_location (coordinate_id bigint not null, passenger_id bigint not null, description varchar(255) not null, primary key (coordinate_id, passenger_id))
Hibernate: create table users (avg_rating float default 0, role tinyint not null check (role between 0 and 2), trips integer default 0, created_at timestamp(6) with time zone not null, id bigint not null, updated_at timestamp(6) with time zone, email varchar(255) not null, first_name varchar(255) not null, last_name varchar(255) not null, password varchar(255) not null, phone_number varchar(255) not null unique, primary key (id))
Hibernate: create table vehicle (capacity integer not null, fabrication_year integer not null, id bigint generated by default as identity, brand varchar(255) not null, license_plate varchar(255) not null unique, model varchar(255) not null, primary key (id))
Hibernate: alter table if exists driver add constraint FKjvtsi9cks0ah62ffq4ilpi8oj foreign key (vehicle_id) references vehicle
Hibernate: alter table if exists driver add constraint FKf3lot723ogx3kvhe7aky9c9g3 foreign key (id) references users
Hibernate: alter table if exists passenger add constraint FKgv9n67e9n8651r07qhf8qv8m3 foreign key (id) references users
Hibernate: alter table if exists review add constraint FK9o91rotu09ywxerf1evksnxhd foreign key (author_id) references users
Hibernate: alter table if exists review add constraint FK7x1lxb54nj03cylb7c1d1yoyt foreign key (ride_id) references ride
Hibernate: alter table if exists review add constraint FKgl80drgmr1ssg0rrt3sn9v1mm foreign key (target_id) references users
Hibernate: alter table if exists ride add constraint FKjul90syqqhks11eup312des4d foreign key (destination_coordinates_id) references coordinate
Hibernate: alter table if exists ride add constraint FKo12dq19jo25foqggvedgvaa0p foreign key (driver_id) references driver
Hibernate: alter table if exists ride add constraint FKo1qb0m0a253ppyrahgg6l03vy foreign key (origin_coordinates_id) references coordinate
Hibernate: alter table if exists ride add constraint FK9ijti1ms6rql4c7i8lny2ube3 foreign key (passenger_id) references passenger
Hibernate: alter table if exists user_location add constraint FK5rwhf2pcwqmlooo0263ilqcyr foreign key (coordinate_id) references coordinate
Hibernate: alter table if exists user_location add constraint FK5i20wmntqc58vadrwb0x0cy6e foreign key (passenger_id) references passenger
&amp#27;[2m2024-05-07T16:34:31.850-05:00&amp#27;[0;39m &amp#27;[32m INFO&amp#27;[0;39m &amp#27;[35m99936&amp#27;[0;39m &amp#27;[2m---&amp#27;[0;39m &amp#27;[2m[           main]&amp#27;[0;39m &amp#27;[2m&amp#27;[0;39m&amp#27;[36mj.LocalContainerEntityManagerFactoryBean&amp#27;[0;39m &amp#27;[2m:&amp#27;[0;39m Initialized JPA EntityManagerFactory for persistence unit 'default'
&amp#27;[2m2024-05-07T16:34:31.936-05:00&amp#27;[0;39m &amp#27;[33m WARN&amp#27;[0;39m &amp#27;[35m99936&amp#27;[0;39m &amp#27;[2m---&amp#27;[0;39m &amp#27;[2m[           main]&amp#27;[0;39m &amp#27;[2m&amp#27;[0;39m&amp#27;[36mJpaBaseConfiguration$JpaWebConfiguration&amp#27;[0;39m &amp#27;[2m:&amp#27;[0;39m spring.jpa.open-in-view is enabled by default. Therefore, database queries may be performed during view rendering. Explicitly configure spring.jpa.open-in-view to disable this warning
&amp#27;[2m2024-05-07T16:34:31.958-05:00&amp#27;[0;39m &amp#27;[32m INFO&amp#27;[0;39m &amp#27;[35m99936&amp#27;[0;39m &amp#27;[2m---&amp#27;[0;39m &amp#27;[2m[           main]&amp#27;[0;39m &amp#27;[2m&amp#27;[0;39m&amp#27;[36mo.s.s.web.DefaultSecurityFilterChain    &amp#27;[0;39m &amp#27;[2m:&amp#27;[0;39m Will secure any request with [org.springframework.security.web.session.DisableEncodeUrlFilter@6fcf3192, org.springframework.security.web.context.request.async.WebAsyncManagerIntegrationFilter@40cb19d5, org.springframework.security.web.context.SecurityContextHolderFilter@4a83740e, org.springframework.security.web.header.HeaderWriterFilter@522941b2, org.springframework.web.filter.CorsFilter@71d92487, org.springframework.security.web.authentication.logout.LogoutFilter@7fda0e30, org.e2e.e2e.config.JwtAuthenticationFilter@4746b5d, org.springframework.security.web.savedrequest.RequestCacheAwareFilter@5d8319a7, org.springframework.security.web.servletapi.SecurityContextHolderAwareRequestFilter@453ff774, org.springframework.security.web.authentication.AnonymousAuthenticationFilter@c9a8e12, org.springframework.security.web.session.SessionManagementFilter@4e44b713, org.springframework.security.web.access.ExceptionTranslationFilter@6a8fa30a, org.springframework.security.web.access.intercept.AuthorizationFilter@6faa24]
&amp#27;[2m2024-05-07T16:34:31.998-05:00&amp#27;[0;39m &amp#27;[32m INFO&amp#27;[0;39m &amp#27;[35m99936&amp#27;[0;39m &amp#27;[2m---&amp#27;[0;39m &amp#27;[2m[           main]&amp#27;[0;39m &amp#27;[2m&amp#27;[0;39m&amp#27;[36mo.s.b.t.m.w.SpringBootMockServletContext&amp#27;[0;39m &amp#27;[2m:&amp#27;[0;39m Initializing Spring TestDispatcherServlet ''
&amp#27;[2m2024-05-07T16:34:31.998-05:00&amp#27;[0;39m &amp#27;[32m INFO&amp#27;[0;39m &amp#27;[35m99936&amp#27;[0;39m &amp#27;[2m---&amp#27;[0;39m &amp#27;[2m[           main]&amp#27;[0;39m &amp#27;[2m&amp#27;[0;39m&amp#27;[36mo.s.t.web.servlet.TestDispatcherServlet &amp#27;[0;39m &amp#27;[2m:&amp#27;[0;39m Initializing Servlet ''
&amp#27;[2m2024-05-07T16:34:31.998-05:00&amp#27;[0;39m &amp#27;[32m INFO&amp#27;[0;39m &amp#27;[35m99936&amp#27;[0;39m &amp#27;[2m---&amp#27;[0;39m &amp#27;[2m[           main]&amp#27;[0;39m &amp#27;[2m&amp#27;[0;39m&amp#27;[36mo.s.t.web.servlet.TestDispatcherServlet &amp#27;[0;39m &amp#27;[2m:&amp#27;[0;39m Completed initialization in 0 ms
&amp#27;[2m2024-05-07T16:34:32.002-05:00&amp#27;[0;39m &amp#27;[32m INFO&amp#27;[0;39m &amp#27;[35m99936&amp#27;[0;39m &amp#27;[2m---&amp#27;[0;39m &amp#27;[2m[           main]&amp#27;[0;39m &amp#27;[2m&amp#27;[0;39m&amp#27;[36mo.e.e.d.DriverControllerSecurityTest    &amp#27;[0;39m &amp#27;[2m:&amp#27;[0;39m Started DriverControllerSecurityTest in 0.341 seconds (process running for 2.667)
Hibernate: select d1_0.id,d1_1.avg_rating,d1_1.created_at,d1_1.email,d1_1.first_name,d1_1.last_name,d1_1.password,d1_1.phone_number,d1_1.role,d1_1.trips,d1_1.updated_at,d1_0.category,d1_0.hex_adress,d1_0.vehicle_id from driver d1_0 join users d1_1 on d1_0.id=d1_1.id
Hibernate: select u1_0.id,case when u1_1.id is not null then 1 when u1_2.id is not null then 2 when u1_0.id is not null then 0 end,u1_0.avg_rating,u1_0.created_at,u1_0.email,u1_0.first_name,u1_0.last_name,u1_0.password,u1_0.phone_number,u1_0.role,u1_0.trips,u1_0.updated_at,u1_1.category,u1_1.hex_adress,u1_1.id,u1_1.vehicle_id,u1_2.id from users u1_0 left join driver u1_1 on u1_0.id=u1_1.id left join passenger u1_2 on u1_0.id=u1_2.id where u1_0.email=?
Hibernate: select next value for users_seq
Hibernate: insert into vehicle (brand,capacity,fabrication_year,license_plate,model,id) values (?,?,?,?,?,default)
Hibernate: insert into users (avg_rating,created_at,email,first_name,last_name,password,phone_number,role,trips,updated_at,id) values (?,?,?,?,?,?,?,?,?,?,?)
Hibernate: insert into driver (category,hex_adress,vehicle_id,id) values (?,?,?,?)
Token: eyJhbGciOiJIUzI1NiIsInR5cCI6IkpXVCJ9.eyJzdWIiOiJqb2huZG9lQGV4YW1wbGUuY29tIiwicm9sZSI6IlJPTEVfRFJJVkVSIiwiaWF0IjoxNzE1MTE3NjcyLCJleHAiOjE3MTUxNTM2NzJ9.NFZ4J9YIY3O1HadxNHnrLk08cuB0K6VqW95dBsyBdSY
Hibernate: select u1_0.id,case when u1_1.id is not null then 1 when u1_2.id is not null then 2 when u1_0.id is not null then 0 end,u1_0.avg_rating,u1_0.created_at,u1_0.email,u1_0.first_name,u1_0.last_name,u1_0.password,u1_0.phone_number,u1_0.role,u1_0.trips,u1_0.updated_at,u1_1.category,u1_1.hex_adress,u1_1.id,u1_1.vehicle_id,u1_2.id from users u1_0 left join driver u1_1 on u1_0.id=u1_1.id left join passenger u1_2 on u1_0.id=u1_2.id where u1_0.email=?
Hibernate: select v1_0.id,v1_0.brand,v1_0.capacity,v1_0.fabrication_year,v1_0.license_plate,v1_0.model from vehicle v1_0 where v1_0.id=?
Hibernate: select d1_0.id,d1_1.avg_rating,d1_1.created_at,d1_1.email,d1_1.first_name,d1_1.last_name,d1_1.password,d1_1.phone_number,d1_1.role,d1_1.trips,d1_1.updated_at,d1_0.category,d1_0.hex_adress,d1_0.vehicle_id from driver d1_0 join users d1_1 on d1_0.id=d1_1.id where d1_1.email=?
Hibernate: select v1_0.id,v1_0.brand,v1_0.capacity,v1_0.fabrication_year,v1_0.license_plate,v1_0.model from vehicle v1_0 where v1_0.id=?
Hibernate: select d1_0.id,d1_1.avg_rating,d1_1.created_at,d1_1.email,d1_1.first_name,d1_1.last_name,d1_1.password,d1_1.phone_number,d1_1.role,d1_1.trips,d1_1.updated_at,d1_0.category,d1_0.hex_adress,d1_0.vehicle_id from driver d1_0 join users d1_1 on d1_0.id=d1_1.id where d1_1.email=?
Hibernate: select v1_0.id,v1_0.brand,v1_0.capacity,v1_0.fabrication_year,v1_0.license_plate,v1_0.model from vehicle v1_0 where v1_0.id=?
Hibernate: update vehicle set brand=?,capacity=?,fabrication_year=?,license_plate=?,model=? where id=?
]]></system-out>
  </testcase>
  <testcase name="testAuthorizedAccessToGetOwnDriverInfo" classname="org.e2e.e2e.driver.DriverControllerSecurityTest" time="0.08">
    <system-out><![CDATA[Hibernate: select d1_0.id,d1_1.avg_rating,d1_1.created_at,d1_1.email,d1_1.first_name,d1_1.last_name,d1_1.password,d1_1.phone_number,d1_1.role,d1_1.trips,d1_1.updated_at,d1_0.category,d1_0.hex_adress,d1_0.vehicle_id from driver d1_0 join users d1_1 on d1_0.id=d1_1.id
Hibernate: select v1_0.id,v1_0.brand,v1_0.capacity,v1_0.fabrication_year,v1_0.license_plate,v1_0.model from vehicle v1_0 where v1_0.id=?
Hibernate: delete from driver where id=?
Hibernate: delete from users where id=?
Hibernate: delete from vehicle where id=?
Hibernate: select u1_0.id,case when u1_1.id is not null then 1 when u1_2.id is not null then 2 when u1_0.id is not null then 0 end,u1_0.avg_rating,u1_0.created_at,u1_0.email,u1_0.first_name,u1_0.last_name,u1_0.password,u1_0.phone_number,u1_0.role,u1_0.trips,u1_0.updated_at,u1_1.category,u1_1.hex_adress,u1_1.id,u1_1.vehicle_id,u1_2.id from users u1_0 left join driver u1_1 on u1_0.id=u1_1.id left join passenger u1_2 on u1_0.id=u1_2.id where u1_0.email=?
Hibernate: select next value for users_seq
Hibernate: insert into vehicle (brand,capacity,fabrication_year,license_plate,model,id) values (?,?,?,?,?,default)
Hibernate: insert into users (avg_rating,created_at,email,first_name,last_name,password,phone_number,role,trips,updated_at,id) values (?,?,?,?,?,?,?,?,?,?,?)
Hibernate: insert into driver (category,hex_adress,vehicle_id,id) values (?,?,?,?)
Token: eyJhbGciOiJIUzI1NiIsInR5cCI6IkpXVCJ9.eyJzdWIiOiJqb2huZG9lQGV4YW1wbGUuY29tIiwicm9sZSI6IlJPTEVfRFJJVkVSIiwiaWF0IjoxNzE1MTE3NjcyLCJleHAiOjE3MTUxNTM2NzJ9.NFZ4J9YIY3O1HadxNHnrLk08cuB0K6VqW95dBsyBdSY
Hibernate: select u1_0.id,case when u1_1.id is not null then 1 when u1_2.id is not null then 2 when u1_0.id is not null then 0 end,u1_0.avg_rating,u1_0.created_at,u1_0.email,u1_0.first_name,u1_0.last_name,u1_0.password,u1_0.phone_number,u1_0.role,u1_0.trips,u1_0.updated_at,u1_1.category,u1_1.hex_adress,u1_1.id,u1_1.vehicle_id,u1_2.id from users u1_0 left join driver u1_1 on u1_0.id=u1_1.id left join passenger u1_2 on u1_0.id=u1_2.id where u1_0.email=?
Hibernate: select v1_0.id,v1_0.brand,v1_0.capacity,v1_0.fabrication_year,v1_0.license_plate,v1_0.model from vehicle v1_0 where v1_0.id=?
Hibernate: select d1_0.id,d1_1.avg_rating,d1_1.created_at,d1_1.email,d1_1.first_name,d1_1.last_name,d1_1.password,d1_1.phone_number,d1_1.role,d1_1.trips,d1_1.updated_at,d1_0.category,d1_0.hex_adress,d1_0.vehicle_id from driver d1_0 join users d1_1 on d1_0.id=d1_1.id where d1_1.email=?
Hibernate: select v1_0.id,v1_0.brand,v1_0.capacity,v1_0.fabrication_year,v1_0.license_plate,v1_0.model from vehicle v1_0 where v1_0.id=?
Hibernate: select d1_0.id,d1_1.avg_rating,d1_1.created_at,d1_1.email,d1_1.first_name,d1_1.last_name,d1_1.password,d1_1.phone_number,d1_1.role,d1_1.trips,d1_1.updated_at,d1_0.category,d1_0.hex_adress,d1_0.vehicle_id from driver d1_0 join users d1_1 on d1_0.id=d1_1.id where d1_1.email=?
]]></system-out>
  </testcase>
  <testcase name="testUnauthorizedAccessToGetOwnDriverInfo" classname="org.e2e.e2e.driver.DriverControllerSecurityTest" time="0.068">
    <system-out><![CDATA[Hibernate: select d1_0.id,d1_1.avg_rating,d1_1.created_at,d1_1.email,d1_1.first_name,d1_1.last_name,d1_1.password,d1_1.phone_number,d1_1.role,d1_1.trips,d1_1.updated_at,d1_0.category,d1_0.hex_adress,d1_0.vehicle_id from driver d1_0 join users d1_1 on d1_0.id=d1_1.id
Hibernate: select v1_0.id,v1_0.brand,v1_0.capacity,v1_0.fabrication_year,v1_0.license_plate,v1_0.model from vehicle v1_0 where v1_0.id=?
Hibernate: delete from driver where id=?
Hibernate: delete from users where id=?
Hibernate: delete from vehicle where id=?
Hibernate: select u1_0.id,case when u1_1.id is not null then 1 when u1_2.id is not null then 2 when u1_0.id is not null then 0 end,u1_0.avg_rating,u1_0.created_at,u1_0.email,u1_0.first_name,u1_0.last_name,u1_0.password,u1_0.phone_number,u1_0.role,u1_0.trips,u1_0.updated_at,u1_1.category,u1_1.hex_adress,u1_1.id,u1_1.vehicle_id,u1_2.id from users u1_0 left join driver u1_1 on u1_0.id=u1_1.id left join passenger u1_2 on u1_0.id=u1_2.id where u1_0.email=?
Hibernate: insert into vehicle (brand,capacity,fabrication_year,license_plate,model,id) values (?,?,?,?,?,default)
Hibernate: insert into users (avg_rating,created_at,email,first_name,last_name,password,phone_number,role,trips,updated_at,id) values (?,?,?,?,?,?,?,?,?,?,?)
Hibernate: insert into driver (category,hex_adress,vehicle_id,id) values (?,?,?,?)
Token: eyJhbGciOiJIUzI1NiIsInR5cCI6IkpXVCJ9.eyJzdWIiOiJqb2huZG9lQGV4YW1wbGUuY29tIiwicm9sZSI6IlJPTEVfRFJJVkVSIiwiaWF0IjoxNzE1MTE3NjcyLCJleHAiOjE3MTUxNTM2NzJ9.NFZ4J9YIY3O1HadxNHnrLk08cuB0K6VqW95dBsyBdSY
]]></system-out>
  </testcase>
  <testcase name="testPassengerAccessToGetDriverById" classname="org.e2e.e2e.driver.DriverControllerSecurityTest" time="0.071">
    <system-out><![CDATA[Hibernate: select d1_0.id,d1_1.avg_rating,d1_1.created_at,d1_1.email,d1_1.first_name,d1_1.last_name,d1_1.password,d1_1.phone_number,d1_1.role,d1_1.trips,d1_1.updated_at,d1_0.category,d1_0.hex_adress,d1_0.vehicle_id from driver d1_0 join users d1_1 on d1_0.id=d1_1.id
Hibernate: select v1_0.id,v1_0.brand,v1_0.capacity,v1_0.fabrication_year,v1_0.license_plate,v1_0.model from vehicle v1_0 where v1_0.id=?
Hibernate: delete from driver where id=?
Hibernate: delete from users where id=?
Hibernate: delete from vehicle where id=?
Hibernate: select u1_0.id,case when u1_1.id is not null then 1 when u1_2.id is not null then 2 when u1_0.id is not null then 0 end,u1_0.avg_rating,u1_0.created_at,u1_0.email,u1_0.first_name,u1_0.last_name,u1_0.password,u1_0.phone_number,u1_0.role,u1_0.trips,u1_0.updated_at,u1_1.category,u1_1.hex_adress,u1_1.id,u1_1.vehicle_id,u1_2.id from users u1_0 left join driver u1_1 on u1_0.id=u1_1.id left join passenger u1_2 on u1_0.id=u1_2.id where u1_0.email=?
Hibernate: insert into vehicle (brand,capacity,fabrication_year,license_plate,model,id) values (?,?,?,?,?,default)
Hibernate: insert into users (avg_rating,created_at,email,first_name,last_name,password,phone_number,role,trips,updated_at,id) values (?,?,?,?,?,?,?,?,?,?,?)
Hibernate: insert into driver (category,hex_adress,vehicle_id,id) values (?,?,?,?)
Token: eyJhbGciOiJIUzI1NiIsInR5cCI6IkpXVCJ9.eyJzdWIiOiJqb2huZG9lQGV4YW1wbGUuY29tIiwicm9sZSI6IlJPTEVfRFJJVkVSIiwiaWF0IjoxNzE1MTE3NjcyLCJleHAiOjE3MTUxNTM2NzJ9.NFZ4J9YIY3O1HadxNHnrLk08cuB0K6VqW95dBsyBdSY
Hibernate: select p1_0.id,p1_1.avg_rating,p1_1.created_at,p1_1.email,p1_1.first_name,p1_1.last_name,p1_1.password,p1_1.phone_number,p1_1.role,p1_1.trips,p1_1.updated_at from passenger p1_0 join users p1_1 on p1_0.id=p1_1.id where p1_1.email=?
]]></system-out>
  </testcase>
  <testcase name="testUnauthorizedAccessToUpdateDriverCar" classname="org.e2e.e2e.driver.DriverControllerSecurityTest" time="0.135">
    <system-out><![CDATA[Hibernate: select d1_0.id,d1_1.avg_rating,d1_1.created_at,d1_1.email,d1_1.first_name,d1_1.last_name,d1_1.password,d1_1.phone_number,d1_1.role,d1_1.trips,d1_1.updated_at,d1_0.category,d1_0.hex_adress,d1_0.vehicle_id from driver d1_0 join users d1_1 on d1_0.id=d1_1.id
Hibernate: select v1_0.id,v1_0.brand,v1_0.capacity,v1_0.fabrication_year,v1_0.license_plate,v1_0.model from vehicle v1_0 where v1_0.id=?
Hibernate: delete from driver where id=?
Hibernate: delete from users where id=?
Hibernate: delete from vehicle where id=?
Hibernate: select u1_0.id,case when u1_1.id is not null then 1 when u1_2.id is not null then 2 when u1_0.id is not null then 0 end,u1_0.avg_rating,u1_0.created_at,u1_0.email,u1_0.first_name,u1_0.last_name,u1_0.password,u1_0.phone_number,u1_0.role,u1_0.trips,u1_0.updated_at,u1_1.category,u1_1.hex_adress,u1_1.id,u1_1.vehicle_id,u1_2.id from users u1_0 left join driver u1_1 on u1_0.id=u1_1.id left join passenger u1_2 on u1_0.id=u1_2.id where u1_0.email=?
Hibernate: insert into vehicle (brand,capacity,fabrication_year,license_plate,model,id) values (?,?,?,?,?,default)
Hibernate: insert into users (avg_rating,created_at,email,first_name,last_name,password,phone_number,role,trips,updated_at,id) values (?,?,?,?,?,?,?,?,?,?,?)
Hibernate: insert into driver (category,hex_adress,vehicle_id,id) values (?,?,?,?)
Token: eyJhbGciOiJIUzI1NiIsInR5cCI6IkpXVCJ9.eyJzdWIiOiJqb2huZG9lQGV4YW1wbGUuY29tIiwicm9sZSI6IlJPTEVfRFJJVkVSIiwiaWF0IjoxNzE1MTE3NjcyLCJleHAiOjE3MTUxNTM2NzJ9.NFZ4J9YIY3O1HadxNHnrLk08cuB0K6VqW95dBsyBdSY
Hibernate: select u1_0.id,case when u1_1.id is not null then 1 when u1_2.id is not null then 2 when u1_0.id is not null then 0 end,u1_0.avg_rating,u1_0.created_at,u1_0.email,u1_0.first_name,u1_0.last_name,u1_0.password,u1_0.phone_number,u1_0.role,u1_0.trips,u1_0.updated_at,u1_1.category,u1_1.hex_adress,u1_1.id,u1_1.vehicle_id,u1_2.id from users u1_0 left join driver u1_1 on u1_0.id=u1_1.id left join passenger u1_2 on u1_0.id=u1_2.id where u1_0.email=?
Hibernate: insert into vehicle (brand,capacity,fabrication_year,license_plate,model,id) values (?,?,?,?,?,default)
Hibernate: insert into users (avg_rating,created_at,email,first_name,last_name,password,phone_number,role,trips,updated_at,id) values (?,?,?,?,?,?,?,?,?,?,?)
Hibernate: insert into driver (category,hex_adress,vehicle_id,id) values (?,?,?,?)
Hibernate: select d1_0.id,d1_1.avg_rating,d1_1.created_at,d1_1.email,d1_1.first_name,d1_1.last_name,d1_1.password,d1_1.phone_number,d1_1.role,d1_1.trips,d1_1.updated_at,d1_0.category,d1_0.hex_adress,d1_0.vehicle_id from driver d1_0 join users d1_1 on d1_0.id=d1_1.id where d1_1.email=?
Hibernate: select v1_0.id,v1_0.brand,v1_0.capacity,v1_0.fabrication_year,v1_0.license_plate,v1_0.model from vehicle v1_0 where v1_0.id=?
Hibernate: select d1_0.id,d1_1.avg_rating,d1_1.created_at,d1_1.email,d1_1.first_name,d1_1.last_name,d1_1.password,d1_1.phone_number,d1_1.role,d1_1.trips,d1_1.updated_at,d1_0.category,d1_0.hex_adress,d1_0.vehicle_id from driver d1_0 join users d1_1 on d1_0.id=d1_1.id where d1_1.email=?
Hibernate: select v1_0.id,v1_0.brand,v1_0.capacity,v1_0.fabrication_year,v1_0.license_plate,v1_0.model from vehicle v1_0 where v1_0.id=?
]]></system-out>
  </testcase>
  <testcase name="testUnauthorizedAccessToDeleteDriver" classname="org.e2e.e2e.driver.DriverControllerSecurityTest" time="0.132">
    <system-out><![CDATA[Hibernate: select d1_0.id,d1_1.avg_rating,d1_1.created_at,d1_1.email,d1_1.first_name,d1_1.last_name,d1_1.password,d1_1.phone_number,d1_1.role,d1_1.trips,d1_1.updated_at,d1_0.category,d1_0.hex_adress,d1_0.vehicle_id from driver d1_0 join users d1_1 on d1_0.id=d1_1.id
Hibernate: select v1_0.id,v1_0.brand,v1_0.capacity,v1_0.fabrication_year,v1_0.license_plate,v1_0.model from vehicle v1_0 where v1_0.id=?
Hibernate: select v1_0.id,v1_0.brand,v1_0.capacity,v1_0.fabrication_year,v1_0.license_plate,v1_0.model from vehicle v1_0 where v1_0.id=?
Hibernate: delete from driver where id=?
Hibernate: delete from users where id=?
Hibernate: delete from vehicle where id=?
Hibernate: delete from driver where id=?
Hibernate: delete from users where id=?
Hibernate: delete from vehicle where id=?
Hibernate: select u1_0.id,case when u1_1.id is not null then 1 when u1_2.id is not null then 2 when u1_0.id is not null then 0 end,u1_0.avg_rating,u1_0.created_at,u1_0.email,u1_0.first_name,u1_0.last_name,u1_0.password,u1_0.phone_number,u1_0.role,u1_0.trips,u1_0.updated_at,u1_1.category,u1_1.hex_adress,u1_1.id,u1_1.vehicle_id,u1_2.id from users u1_0 left join driver u1_1 on u1_0.id=u1_1.id left join passenger u1_2 on u1_0.id=u1_2.id where u1_0.email=?
Hibernate: insert into vehicle (brand,capacity,fabrication_year,license_plate,model,id) values (?,?,?,?,?,default)
Hibernate: insert into users (avg_rating,created_at,email,first_name,last_name,password,phone_number,role,trips,updated_at,id) values (?,?,?,?,?,?,?,?,?,?,?)
Hibernate: insert into driver (category,hex_adress,vehicle_id,id) values (?,?,?,?)
Token: eyJhbGciOiJIUzI1NiIsInR5cCI6IkpXVCJ9.eyJzdWIiOiJqb2huZG9lQGV4YW1wbGUuY29tIiwicm9sZSI6IlJPTEVfRFJJVkVSIiwiaWF0IjoxNzE1MTE3NjcyLCJleHAiOjE3MTUxNTM2NzJ9.NFZ4J9YIY3O1HadxNHnrLk08cuB0K6VqW95dBsyBdSY
Hibernate: select u1_0.id,case when u1_1.id is not null then 1 when u1_2.id is not null then 2 when u1_0.id is not null then 0 end,u1_0.avg_rating,u1_0.created_at,u1_0.email,u1_0.first_name,u1_0.last_name,u1_0.password,u1_0.phone_number,u1_0.role,u1_0.trips,u1_0.updated_at,u1_1.category,u1_1.hex_adress,u1_1.id,u1_1.vehicle_id,u1_2.id from users u1_0 left join driver u1_1 on u1_0.id=u1_1.id left join passenger u1_2 on u1_0.id=u1_2.id where u1_0.email=?
Hibernate: insert into vehicle (brand,capacity,fabrication_year,license_plate,model,id) values (?,?,?,?,?,default)
Hibernate: insert into users (avg_rating,created_at,email,first_name,last_name,password,phone_number,role,trips,updated_at,id) values (?,?,?,?,?,?,?,?,?,?,?)
Hibernate: insert into driver (category,hex_adress,vehicle_id,id) values (?,?,?,?)
Hibernate: select d1_0.id,d1_1.avg_rating,d1_1.created_at,d1_1.email,d1_1.first_name,d1_1.last_name,d1_1.password,d1_1.phone_number,d1_1.role,d1_1.trips,d1_1.updated_at,d1_0.category,d1_0.hex_adress,d1_0.vehicle_id from driver d1_0 join users d1_1 on d1_0.id=d1_1.id where d1_1.email=?
Hibernate: select v1_0.id,v1_0.brand,v1_0.capacity,v1_0.fabrication_year,v1_0.license_plate,v1_0.model from vehicle v1_0 where v1_0.id=?
Hibernate: select d1_0.id,d1_1.avg_rating,d1_1.created_at,d1_1.email,d1_1.first_name,d1_1.last_name,d1_1.password,d1_1.phone_number,d1_1.role,d1_1.trips,d1_1.updated_at,d1_0.category,d1_0.hex_adress,d1_0.vehicle_id from driver d1_0 join users d1_1 on d1_0.id=d1_1.id where d1_1.email=?
Hibernate: select v1_0.id,v1_0.brand,v1_0.capacity,v1_0.fabrication_year,v1_0.license_plate,v1_0.model from vehicle v1_0 where v1_0.id=?
]]></system-out>
  </testcase>
  <testcase name="testAuthorizedAccessToGetDriverById" classname="org.e2e.e2e.driver.DriverControllerSecurityTest" time="0.07">
    <system-out><![CDATA[Hibernate: select d1_0.id,d1_1.avg_rating,d1_1.created_at,d1_1.email,d1_1.first_name,d1_1.last_name,d1_1.password,d1_1.phone_number,d1_1.role,d1_1.trips,d1_1.updated_at,d1_0.category,d1_0.hex_adress,d1_0.vehicle_id from driver d1_0 join users d1_1 on d1_0.id=d1_1.id
Hibernate: select v1_0.id,v1_0.brand,v1_0.capacity,v1_0.fabrication_year,v1_0.license_plate,v1_0.model from vehicle v1_0 where v1_0.id=?
Hibernate: select v1_0.id,v1_0.brand,v1_0.capacity,v1_0.fabrication_year,v1_0.license_plate,v1_0.model from vehicle v1_0 where v1_0.id=?
Hibernate: delete from driver where id=?
Hibernate: delete from users where id=?
Hibernate: delete from vehicle where id=?
Hibernate: delete from driver where id=?
Hibernate: delete from users where id=?
Hibernate: delete from vehicle where id=?
Hibernate: select u1_0.id,case when u1_1.id is not null then 1 when u1_2.id is not null then 2 when u1_0.id is not null then 0 end,u1_0.avg_rating,u1_0.created_at,u1_0.email,u1_0.first_name,u1_0.last_name,u1_0.password,u1_0.phone_number,u1_0.role,u1_0.trips,u1_0.updated_at,u1_1.category,u1_1.hex_adress,u1_1.id,u1_1.vehicle_id,u1_2.id from users u1_0 left join driver u1_1 on u1_0.id=u1_1.id left join passenger u1_2 on u1_0.id=u1_2.id where u1_0.email=?
Hibernate: insert into vehicle (brand,capacity,fabrication_year,license_plate,model,id) values (?,?,?,?,?,default)
Hibernate: insert into users (avg_rating,created_at,email,first_name,last_name,password,phone_number,role,trips,updated_at,id) values (?,?,?,?,?,?,?,?,?,?,?)
Hibernate: insert into driver (category,hex_adress,vehicle_id,id) values (?,?,?,?)
Token: eyJhbGciOiJIUzI1NiIsInR5cCI6IkpXVCJ9.eyJzdWIiOiJqb2huZG9lQGV4YW1wbGUuY29tIiwicm9sZSI6IlJPTEVfRFJJVkVSIiwiaWF0IjoxNzE1MTE3NjcyLCJleHAiOjE3MTUxNTM2NzJ9.NFZ4J9YIY3O1HadxNHnrLk08cuB0K6VqW95dBsyBdSY
Hibernate: select u1_0.id,case when u1_1.id is not null then 1 when u1_2.id is not null then 2 when u1_0.id is not null then 0 end,u1_0.avg_rating,u1_0.created_at,u1_0.email,u1_0.first_name,u1_0.last_name,u1_0.password,u1_0.phone_number,u1_0.role,u1_0.trips,u1_0.updated_at,u1_1.category,u1_1.hex_adress,u1_1.id,u1_1.vehicle_id,u1_2.id from users u1_0 left join driver u1_1 on u1_0.id=u1_1.id left join passenger u1_2 on u1_0.id=u1_2.id where u1_0.email=?
Hibernate: select v1_0.id,v1_0.brand,v1_0.capacity,v1_0.fabrication_year,v1_0.license_plate,v1_0.model from vehicle v1_0 where v1_0.id=?
Hibernate: select d1_0.id,d1_1.avg_rating,d1_1.created_at,d1_1.email,d1_1.first_name,d1_1.last_name,d1_1.password,d1_1.phone_number,d1_1.role,d1_1.trips,d1_1.updated_at,d1_0.category,d1_0.hex_adress,d1_0.vehicle_id from driver d1_0 join users d1_1 on d1_0.id=d1_1.id where d1_1.email=?
Hibernate: select v1_0.id,v1_0.brand,v1_0.capacity,v1_0.fabrication_year,v1_0.license_plate,v1_0.model from vehicle v1_0 where v1_0.id=?
Hibernate: select d1_0.id,d1_1.avg_rating,d1_1.created_at,d1_1.email,d1_1.first_name,d1_1.last_name,d1_1.password,d1_1.phone_number,d1_1.role,d1_1.trips,d1_1.updated_at,d1_0.category,d1_0.hex_adress,d1_0.vehicle_id from driver d1_0 join users d1_1 on d1_0.id=d1_1.id where d1_1.email=?
Hibernate: select v1_0.id,v1_0.brand,v1_0.capacity,v1_0.fabrication_year,v1_0.license_plate,v1_0.model from vehicle v1_0 where v1_0.id=?
]]></system-out>
  </testcase>
  <testcase name="testAuthorizedAccessToUpdateDriverInfo" classname="org.e2e.e2e.driver.DriverControllerSecurityTest" time="0.072">
    <system-out><![CDATA[Hibernate: select d1_0.id,d1_1.avg_rating,d1_1.created_at,d1_1.email,d1_1.first_name,d1_1.last_name,d1_1.password,d1_1.phone_number,d1_1.role,d1_1.trips,d1_1.updated_at,d1_0.category,d1_0.hex_adress,d1_0.vehicle_id from driver d1_0 join users d1_1 on d1_0.id=d1_1.id
Hibernate: select v1_0.id,v1_0.brand,v1_0.capacity,v1_0.fabrication_year,v1_0.license_plate,v1_0.model from vehicle v1_0 where v1_0.id=?
Hibernate: delete from driver where id=?
Hibernate: delete from users where id=?
Hibernate: delete from vehicle where id=?
Hibernate: select u1_0.id,case when u1_1.id is not null then 1 when u1_2.id is not null then 2 when u1_0.id is not null then 0 end,u1_0.avg_rating,u1_0.created_at,u1_0.email,u1_0.first_name,u1_0.last_name,u1_0.password,u1_0.phone_number,u1_0.role,u1_0.trips,u1_0.updated_at,u1_1.category,u1_1.hex_adress,u1_1.id,u1_1.vehicle_id,u1_2.id from users u1_0 left join driver u1_1 on u1_0.id=u1_1.id left join passenger u1_2 on u1_0.id=u1_2.id where u1_0.email=?
Hibernate: insert into vehicle (brand,capacity,fabrication_year,license_plate,model,id) values (?,?,?,?,?,default)
Hibernate: insert into users (avg_rating,created_at,email,first_name,last_name,password,phone_number,role,trips,updated_at,id) values (?,?,?,?,?,?,?,?,?,?,?)
Hibernate: insert into driver (category,hex_adress,vehicle_id,id) values (?,?,?,?)
Token: eyJhbGciOiJIUzI1NiIsInR5cCI6IkpXVCJ9.eyJzdWIiOiJqb2huZG9lQGV4YW1wbGUuY29tIiwicm9sZSI6IlJPTEVfRFJJVkVSIiwiaWF0IjoxNzE1MTE3NjcyLCJleHAiOjE3MTUxNTM2NzJ9.NFZ4J9YIY3O1HadxNHnrLk08cuB0K6VqW95dBsyBdSY
Hibernate: select u1_0.id,case when u1_1.id is not null then 1 when u1_2.id is not null then 2 when u1_0.id is not null then 0 end,u1_0.avg_rating,u1_0.created_at,u1_0.email,u1_0.first_name,u1_0.last_name,u1_0.password,u1_0.phone_number,u1_0.role,u1_0.trips,u1_0.updated_at,u1_1.category,u1_1.hex_adress,u1_1.id,u1_1.vehicle_id,u1_2.id from users u1_0 left join driver u1_1 on u1_0.id=u1_1.id left join passenger u1_2 on u1_0.id=u1_2.id where u1_0.email=?
Hibernate: select v1_0.id,v1_0.brand,v1_0.capacity,v1_0.fabrication_year,v1_0.license_plate,v1_0.model from vehicle v1_0 where v1_0.id=?
Hibernate: select d1_0.id,d1_1.avg_rating,d1_1.created_at,d1_1.email,d1_1.first_name,d1_1.last_name,d1_1.password,d1_1.phone_number,d1_1.role,d1_1.trips,d1_1.updated_at,d1_0.category,d1_0.hex_adress,d1_0.vehicle_id from driver d1_0 join users d1_1 on d1_0.id=d1_1.id where d1_1.email=?
Hibernate: select v1_0.id,v1_0.brand,v1_0.capacity,v1_0.fabrication_year,v1_0.license_plate,v1_0.model from vehicle v1_0 where v1_0.id=?
Hibernate: select d1_0.id,d1_1.avg_rating,d1_1.created_at,d1_1.email,d1_1.first_name,d1_1.last_name,d1_1.password,d1_1.phone_number,d1_1.role,d1_1.trips,d1_1.updated_at,d1_0.category,d1_0.hex_adress,d1_0.vehicle_id from driver d1_0 join users d1_1 on d1_0.id=d1_1.id where d1_1.email=?
Hibernate: select v1_0.id,v1_0.brand,v1_0.capacity,v1_0.fabrication_year,v1_0.license_plate,v1_0.model from vehicle v1_0 where v1_0.id=?
Hibernate: update users set avg_rating=?,created_at=?,email=?,first_name=?,last_name=?,password=?,phone_number=?,role=?,trips=?,updated_at=? where id=?
]]></system-out>
  </testcase>
  <testcase name="testUnauthorizedAccessToDeleteDriverById" classname="org.e2e.e2e.driver.DriverControllerSecurityTest" time="0.132">
    <system-out><![CDATA[Hibernate: select d1_0.id,d1_1.avg_rating,d1_1.created_at,d1_1.email,d1_1.first_name,d1_1.last_name,d1_1.password,d1_1.phone_number,d1_1.role,d1_1.trips,d1_1.updated_at,d1_0.category,d1_0.hex_adress,d1_0.vehicle_id from driver d1_0 join users d1_1 on d1_0.id=d1_1.id
Hibernate: select v1_0.id,v1_0.brand,v1_0.capacity,v1_0.fabrication_year,v1_0.license_plate,v1_0.model from vehicle v1_0 where v1_0.id=?
Hibernate: delete from driver where id=?
Hibernate: delete from users where id=?
Hibernate: delete from vehicle where id=?
Hibernate: select u1_0.id,case when u1_1.id is not null then 1 when u1_2.id is not null then 2 when u1_0.id is not null then 0 end,u1_0.avg_rating,u1_0.created_at,u1_0.email,u1_0.first_name,u1_0.last_name,u1_0.password,u1_0.phone_number,u1_0.role,u1_0.trips,u1_0.updated_at,u1_1.category,u1_1.hex_adress,u1_1.id,u1_1.vehicle_id,u1_2.id from users u1_0 left join driver u1_1 on u1_0.id=u1_1.id left join passenger u1_2 on u1_0.id=u1_2.id where u1_0.email=?
Hibernate: insert into vehicle (brand,capacity,fabrication_year,license_plate,model,id) values (?,?,?,?,?,default)
Hibernate: insert into users (avg_rating,created_at,email,first_name,last_name,password,phone_number,role,trips,updated_at,id) values (?,?,?,?,?,?,?,?,?,?,?)
Hibernate: insert into driver (category,hex_adress,vehicle_id,id) values (?,?,?,?)
Token: eyJhbGciOiJIUzI1NiIsInR5cCI6IkpXVCJ9.eyJzdWIiOiJqb2huZG9lQGV4YW1wbGUuY29tIiwicm9sZSI6IlJPTEVfRFJJVkVSIiwiaWF0IjoxNzE1MTE3NjcyLCJleHAiOjE3MTUxNTM2NzJ9.NFZ4J9YIY3O1HadxNHnrLk08cuB0K6VqW95dBsyBdSY
Hibernate: select u1_0.id,case when u1_1.id is not null then 1 when u1_2.id is not null then 2 when u1_0.id is not null then 0 end,u1_0.avg_rating,u1_0.created_at,u1_0.email,u1_0.first_name,u1_0.last_name,u1_0.password,u1_0.phone_number,u1_0.role,u1_0.trips,u1_0.updated_at,u1_1.category,u1_1.hex_adress,u1_1.id,u1_1.vehicle_id,u1_2.id from users u1_0 left join driver u1_1 on u1_0.id=u1_1.id left join passenger u1_2 on u1_0.id=u1_2.id where u1_0.email=?
Hibernate: insert into vehicle (brand,capacity,fabrication_year,license_plate,model,id) values (?,?,?,?,?,default)
Hibernate: insert into users (avg_rating,created_at,email,first_name,last_name,password,phone_number,role,trips,updated_at,id) values (?,?,?,?,?,?,?,?,?,?,?)
Hibernate: insert into driver (category,hex_adress,vehicle_id,id) values (?,?,?,?)
Hibernate: select d1_0.id,d1_1.avg_rating,d1_1.created_at,d1_1.email,d1_1.first_name,d1_1.last_name,d1_1.password,d1_1.phone_number,d1_1.role,d1_1.trips,d1_1.updated_at,d1_0.category,d1_0.hex_adress,d1_0.vehicle_id from driver d1_0 join users d1_1 on d1_0.id=d1_1.id where d1_1.email=?
Hibernate: select v1_0.id,v1_0.brand,v1_0.capacity,v1_0.fabrication_year,v1_0.license_plate,v1_0.model from vehicle v1_0 where v1_0.id=?
Hibernate: select d1_0.id,d1_1.avg_rating,d1_1.created_at,d1_1.email,d1_1.first_name,d1_1.last_name,d1_1.password,d1_1.phone_number,d1_1.role,d1_1.trips,d1_1.updated_at,d1_0.category,d1_0.hex_adress,d1_0.vehicle_id from driver d1_0 join users d1_1 on d1_0.id=d1_1.id where d1_1.email=?
Hibernate: select v1_0.id,v1_0.brand,v1_0.capacity,v1_0.fabrication_year,v1_0.license_plate,v1_0.model from vehicle v1_0 where v1_0.id=?
]]></system-out>
  </testcase>
  <testcase name="testUnauthorizedAccessToUpdateDriverInfo" classname="org.e2e.e2e.driver.DriverControllerSecurityTest" time="0.132">
    <system-out><![CDATA[Hibernate: select d1_0.id,d1_1.avg_rating,d1_1.created_at,d1_1.email,d1_1.first_name,d1_1.last_name,d1_1.password,d1_1.phone_number,d1_1.role,d1_1.trips,d1_1.updated_at,d1_0.category,d1_0.hex_adress,d1_0.vehicle_id from driver d1_0 join users d1_1 on d1_0.id=d1_1.id
Hibernate: select v1_0.id,v1_0.brand,v1_0.capacity,v1_0.fabrication_year,v1_0.license_plate,v1_0.model from vehicle v1_0 where v1_0.id=?
Hibernate: select v1_0.id,v1_0.brand,v1_0.capacity,v1_0.fabrication_year,v1_0.license_plate,v1_0.model from vehicle v1_0 where v1_0.id=?
Hibernate: delete from driver where id=?
Hibernate: delete from users where id=?
Hibernate: delete from vehicle where id=?
Hibernate: delete from driver where id=?
Hibernate: delete from users where id=?
Hibernate: delete from vehicle where id=?
Hibernate: select u1_0.id,case when u1_1.id is not null then 1 when u1_2.id is not null then 2 when u1_0.id is not null then 0 end,u1_0.avg_rating,u1_0.created_at,u1_0.email,u1_0.first_name,u1_0.last_name,u1_0.password,u1_0.phone_number,u1_0.role,u1_0.trips,u1_0.updated_at,u1_1.category,u1_1.hex_adress,u1_1.id,u1_1.vehicle_id,u1_2.id from users u1_0 left join driver u1_1 on u1_0.id=u1_1.id left join passenger u1_2 on u1_0.id=u1_2.id where u1_0.email=?
Hibernate: insert into vehicle (brand,capacity,fabrication_year,license_plate,model,id) values (?,?,?,?,?,default)
Hibernate: insert into users (avg_rating,created_at,email,first_name,last_name,password,phone_number,role,trips,updated_at,id) values (?,?,?,?,?,?,?,?,?,?,?)
Hibernate: insert into driver (category,hex_adress,vehicle_id,id) values (?,?,?,?)
Token: eyJhbGciOiJIUzI1NiIsInR5cCI6IkpXVCJ9.eyJzdWIiOiJqb2huZG9lQGV4YW1wbGUuY29tIiwicm9sZSI6IlJPTEVfRFJJVkVSIiwiaWF0IjoxNzE1MTE3NjczLCJleHAiOjE3MTUxNTM2NzN9.UHqHUcIfWRHuXonK2n0Ce8euzRl0NaSBI2vuwUbVFKQ
Hibernate: select u1_0.id,case when u1_1.id is not null then 1 when u1_2.id is not null then 2 when u1_0.id is not null then 0 end,u1_0.avg_rating,u1_0.created_at,u1_0.email,u1_0.first_name,u1_0.last_name,u1_0.password,u1_0.phone_number,u1_0.role,u1_0.trips,u1_0.updated_at,u1_1.category,u1_1.hex_adress,u1_1.id,u1_1.vehicle_id,u1_2.id from users u1_0 left join driver u1_1 on u1_0.id=u1_1.id left join passenger u1_2 on u1_0.id=u1_2.id where u1_0.email=?
Hibernate: insert into vehicle (brand,capacity,fabrication_year,license_plate,model,id) values (?,?,?,?,?,default)
Hibernate: insert into users (avg_rating,created_at,email,first_name,last_name,password,phone_number,role,trips,updated_at,id) values (?,?,?,?,?,?,?,?,?,?,?)
Hibernate: insert into driver (category,hex_adress,vehicle_id,id) values (?,?,?,?)
Hibernate: select d1_0.id,d1_1.avg_rating,d1_1.created_at,d1_1.email,d1_1.first_name,d1_1.last_name,d1_1.password,d1_1.phone_number,d1_1.role,d1_1.trips,d1_1.updated_at,d1_0.category,d1_0.hex_adress,d1_0.vehicle_id from driver d1_0 join users d1_1 on d1_0.id=d1_1.id where d1_1.email=?
Hibernate: select v1_0.id,v1_0.brand,v1_0.capacity,v1_0.fabrication_year,v1_0.license_plate,v1_0.model from vehicle v1_0 where v1_0.id=?
Hibernate: select d1_0.id,d1_1.avg_rating,d1_1.created_at,d1_1.email,d1_1.first_name,d1_1.last_name,d1_1.password,d1_1.phone_number,d1_1.role,d1_1.trips,d1_1.updated_at,d1_0.category,d1_0.hex_adress,d1_0.vehicle_id from driver d1_0 join users d1_1 on d1_0.id=d1_1.id where d1_1.email=?
Hibernate: select v1_0.id,v1_0.brand,v1_0.capacity,v1_0.fabrication_year,v1_0.license_plate,v1_0.model from vehicle v1_0 where v1_0.id=?
]]></system-out>
  </testcase>
</testsuite>